<?xml version="1.0" encoding="UTF-8"?>
<!-- Generated by org.testng.reporters.JUnitXMLReporter -->
<testsuite ignored="4" hostname="DESKTOP-K8540DJ" failures="1" tests="18" name="edgeTest" time="256.775" errors="0" timestamp="2023-06-23T17:40:00 IST">
  <testcase classname="executePageClasses.ExecuteClientPageClass" name="verify_Client_Search_Functionality" time="3.646"/>
  <testcase classname="executePageClasses.ExecuteClientPageClass" name="verify_To_Create_New_Client" time="8.694"/>
  <testcase classname="executePageClasses.ExecuteDeductionPageClass" name="verify_The_Page_Deduction_Is_Open_While_Clicking_On_Deductions_Tab_Or_Not" time="3.003"/>
  <testcase classname="executePageClasses.ExecuteDeductionPageClass" name="verify_To_Add_A_New_Deduction" time="6.116"/>
  <testcase classname="executePageClasses.ExecuteWorkersPageClass" name="verify_To_Create_New_Worker" time="9.599"/>
  <testcase classname="executePageClasses.ExecuteWorkersPageClass" name="verify_To_Search_A_Worker" time="3.402"/>
  <testcase classname="executePageClasses.ExecuteWorkersPageClass" name="verify_To_Delete_A_Worker" time="13.973">
    <failure type="org.openqa.selenium.NoSuchElementException" message="no such element: Unable to locate element: {&amp;quot;method&amp;quot;:&amp;quot;xpath&amp;quot;,&amp;quot;selector&amp;quot;:&amp;quot;//div[@class=&amp;apos;empty&amp;apos;]&amp;quot;}
  (Session info: MicrosoftEdge=114.0.1823.51)
For documentation on this error, please visit: https://selenium.dev/exceptions/#no_such_element
Build info: version: &amp;apos;4.9.0&amp;apos;, revision: &amp;apos;d7057100a6&amp;apos;
System info: os.name: &amp;apos;Windows 10&amp;apos;, os.arch: &amp;apos;amd64&amp;apos;, os.version: &amp;apos;10.0&amp;apos;, java.version: &amp;apos;17.0.5&amp;apos;
Driver info: org.openqa.selenium.edge.EdgeDriver
Command: [f43572baa5893fa0f3c77261374f122f, findElement {using=xpath, value=//div[@class=&amp;apos;empty&amp;apos;]}]
Capabilities {acceptInsecureCerts: false, browserName: msedge, browserVersion: 114.0.1823.51, ms:edgeOptions: {debuggerAddress: localhost:52910}, msedge: {msedgedriverVersion: 114.0.1823.58 (913ab82f672f..., userDataDir: C:\Users\hp\AppData\Local\T...}, networkConnectionEnabled: false, pageLoadStrategy: normal, platformName: WINDOWS, proxy: Proxy(), se:cdp: ws://localhost:52910/devtoo..., se:cdpVersion: 114.0.1823.51, setWindowRect: true, strictFileInteractability: false, timeouts: {implicit: 0, pageLoad: 300000, script: 30000}, unhandledPromptBehavior: dismiss and notify, webauthn:extension:credBlob: true, webauthn:extension:largeBlob: true, webauthn:extension:minPinLength: true, webauthn:extension:prf: true, webauthn:virtualAuthenticators: true}
Session ID: f43572baa5893fa0f3c77261374f122f">
      <![CDATA[org.openqa.selenium.NoSuchElementException: no such element: Unable to locate element: {"method":"xpath","selector":"//div[@class='empty']"}
  (Session info: MicrosoftEdge=114.0.1823.51)
For documentation on this error, please visit: https://selenium.dev/exceptions/#no_such_element
Build info: version: '4.9.0', revision: 'd7057100a6'
System info: os.name: 'Windows 10', os.arch: 'amd64', os.version: '10.0', java.version: '17.0.5'
Driver info: org.openqa.selenium.edge.EdgeDriver
Command: [f43572baa5893fa0f3c77261374f122f, findElement {using=xpath, value=//div[@class='empty']}]
Capabilities {acceptInsecureCerts: false, browserName: msedge, browserVersion: 114.0.1823.51, ms:edgeOptions: {debuggerAddress: localhost:52910}, msedge: {msedgedriverVersion: 114.0.1823.58 (913ab82f672f..., userDataDir: C:\Users\hp\AppData\Local\T...}, networkConnectionEnabled: false, pageLoadStrategy: normal, platformName: WINDOWS, proxy: Proxy(), se:cdp: ws://localhost:52910/devtoo..., se:cdpVersion: 114.0.1823.51, setWindowRect: true, strictFileInteractability: false, timeouts: {implicit: 0, pageLoad: 300000, script: 30000}, unhandledPromptBehavior: dismiss and notify, webauthn:extension:credBlob: true, webauthn:extension:largeBlob: true, webauthn:extension:minPinLength: true, webauthn:extension:prf: true, webauthn:virtualAuthenticators: true}
Session ID: f43572baa5893fa0f3c77261374f122f
at org.openqa.selenium.remote.codec.w3c.W3CHttpResponseCodec.createException(W3CHttpResponseCodec.java:200)
at org.openqa.selenium.remote.codec.w3c.W3CHttpResponseCodec.decode(W3CHttpResponseCodec.java:133)
at org.openqa.selenium.remote.codec.w3c.W3CHttpResponseCodec.decode(W3CHttpResponseCodec.java:53)
at org.openqa.selenium.remote.HttpCommandExecutor.execute(HttpCommandExecutor.java:193)
at org.openqa.selenium.remote.service.DriverCommandExecutor.invokeExecute(DriverCommandExecutor.java:183)
at org.openqa.selenium.remote.service.DriverCommandExecutor.execute(DriverCommandExecutor.java:158)
at org.openqa.selenium.remote.RemoteWebDriver.execute(RemoteWebDriver.java:543)
at org.openqa.selenium.remote.ElementLocation$ElementFinder$2.findElement(ElementLocation.java:162)
at org.openqa.selenium.remote.ElementLocation.findElement(ElementLocation.java:60)
at org.openqa.selenium.remote.RemoteWebDriver.findElement(RemoteWebDriver.java:352)
at org.openqa.selenium.remote.RemoteWebDriver.findElement(RemoteWebDriver.java:344)
at org.openqa.selenium.support.pagefactory.DefaultElementLocator.findElement(DefaultElementLocator.java:70)
at org.openqa.selenium.support.pagefactory.internal.LocatingElementHandler.invoke(LocatingElementHandler.java:39)
at jdk.proxy2/jdk.proxy2.$Proxy19.isDisplayed(Unknown Source)
at utility.GeneralUtilities.isDisplayedMethod(GeneralUtilities.java:32)
at elementRepository.WorkersPageClass.isDisplayedNoResultFound(WorkersPageClass.java:242)
at executePageClasses.ExecuteWorkersPageClass.verify_To_Delete_A_Worker(ExecuteWorkersPageClass.java:85)
at java.base/java.util.ArrayList.forEach(ArrayList.java:1511)
... Removed 32 stack frames]]>
    </failure>
  </testcase> <!-- verify_To_Delete_A_Worker -->
  <testcase classname="executePageClasses.ExecuteDashBoardPageClass" name="f" time="0.356"/>
  <testcase classname="executePageClasses.ExecuteDashBoardPageClass" name="verify_Client_Tab_Is_Displayed_Or_Not" time="2.209"/>
  <testcase classname="executePageClasses.ExecuteDashBoardPageClass" name="verify_Deduction_Tab_Is_Displayed_Or_Not" time="2.351"/>
  <testcase classname="executePageClasses.ExecuteDashBoardPageClass" name="verify_The_Logo_Is_Displayed_Or_Not" time="2.18"/>
  <testcase classname="executePageClasses.ExecuteDashBoardPageClass" name="verify_Welcome_Msg_Is_Displayed_Or_Not" time="2.197"/>
  <testcase classname="executePageClasses.ExecuteDashBoardPageClass" name="verify_Workers_Tab_Is_Displayed_Or_Not" time="2.155"/>
  <testcase classname="executePageClasses.ExecuteLoginPageClass" name="verify_Successfull_Login" time="2.73"/>
  <testcase classname="executePageClasses.ExecuteLoginPageClass" name="verify_The_Correct_Page_Is_Open_While_Hitting_The_Url" time="0.009"/>
  <testcase classname="executePageClasses.ExecuteLoginPageClass" name="verify_UnSuccessful_Login" time="1.609"/>
  <testcase classname="executePageClasses.ExecuteLoginPageClass" name="verify_UnSuccessful_Login" time="0.987"/>
  <testcase classname="executePageClasses.ExecuteLoginPageClass" name="verify_UnSuccessful_Login" time="0.975"/>
  <testcase classname="executePageClasses.BaseClass" name="@BeforeSuite createReport" time="0.0">
    <ignored/>
  </testcase> <!-- @BeforeSuite createReport -->
  <testcase classname="executePageClasses.BaseClass" name="@BeforeSuite createReport" time="0.0">
    <ignored/>
  </testcase> <!-- @BeforeSuite createReport -->
  <testcase classname="executePageClasses.BaseClass" name="@BeforeSuite createReport" time="0.0">
    <ignored/>
  </testcase> <!-- @BeforeSuite createReport -->
  <testcase classname="executePageClasses.BaseClass" name="@BeforeSuite createReport" time="0.0">
    <ignored/>
  </testcase> <!-- @BeforeSuite createReport -->
</testsuite> <!-- edgeTest -->
