<!DOCTYPE html>

<html>
  <head>
  <meta charset='utf-8'>
  <title>TestNG reports</title>

    <link type="text/css" href="testng-reports1.css" rel="stylesheet" id="ultra" />
    <link type="text/css" href="testng-reports.css" rel="stylesheet" id="retro" disabled="false"/>
    <script type="text/javascript" src="jquery-3.6.0.min.js"></script>
    <script type="text/javascript" src="testng-reports.js"></script>
    <script type="text/javascript" src="https://www.google.com/jsapi"></script>
    <script type='text/javascript'>
      google.load('visualization', '1', {packages:['table']});
      google.setOnLoadCallback(drawTable);
      var suiteTableInitFunctions = new Array();
      var suiteTableData = new Array();
    </script>
    <!--
      <script type="text/javascript" src="jquery-ui/js/jquery-ui-1.8.16.custom.min.js"></script>
     -->
  </head>

  <body>    <div class="top-banner-root">
      <span class="top-banner-title-font">Test results</span>
      <button id="button" class="button">Switch Retro Theme</button> <!-- button -->
      <br/>
      <span class="top-banner-font-1">1 suite</span>
    </div> <!-- top-banner-root -->
    <div class="navigator-root">
      <div class="navigator-suite-header">
        <span>All suites</span>
        <a href="#" title="Collapse/expand all the suites" class="collapse-all-link">
          <img src="collapseall.gif" class="collapse-all-icon">
          </img> <!-- collapse-all-icon -->
        </a> <!-- collapse-all-link -->
      </div> <!-- navigator-suite-header -->
      <div class="suite">
        <div class="rounded-window">
          <div class="suite-header light-rounded-window-top">
            <a href="#" panel-name="suite-Suite" class="navigator-link">
              <span class="suite-name border-skipped">Suite</span>
            </a> <!-- navigator-link -->
          </div> <!-- suite-header light-rounded-window-top -->
          <div class="navigator-suite-content">
            <div class="suite-section-title">
              <span>Info</span>
            </div> <!-- suite-section-title -->
            <div class="suite-section-content">
              <ul>
                <li>
                  <a href="#" panel-name="test-xml-Suite" class="navigator-link ">
                    <span>C:\Users\hp\git\SeleniumTestRepository\com.SuperStoreProject\crossBrowserTest.xml</span>
                  </a> <!-- navigator-link  -->
                </li>
                <li>
                  <a href="#" panel-name="testlist-Suite" class="navigator-link ">
                    <span class="test-stats">2 tests</span>
                  </a> <!-- navigator-link  -->
                </li>
                <li>
                  <a href="#" panel-name="group-Suite" class="navigator-link ">
                    <span>0 groups</span>
                  </a> <!-- navigator-link  -->
                </li>
                <li>
                  <a href="#" panel-name="times-Suite" class="navigator-link ">
                    <span>Times</span>
                  </a> <!-- navigator-link  -->
                </li>
                <li>
                  <a href="#" panel-name="reporter-Suite" class="navigator-link ">
                    <span>Reporter output</span>
                  </a> <!-- navigator-link  -->
                </li>
                <li>
                  <a href="#" panel-name="ignored-methods-Suite" class="navigator-link ">
                    <span>Ignored methods</span>
                  </a> <!-- navigator-link  -->
                </li>
                <li>
                  <a href="#" panel-name="chronological-Suite" class="navigator-link ">
                    <span>Chronological view</span>
                  </a> <!-- navigator-link  -->
                </li>
              </ul>
            </div> <!-- suite-section-content -->
            <div class="result-section">
              <div class="suite-section-title">
                <span>Results</span>
              </div> <!-- suite-section-title -->
              <div class="suite-section-content">
                <ul>
                  <li>
                    <span class="method-stats">36 methods,  36 skipped,  </span>
                  </li>
                  <li>
                    <span class="method-list-title skipped">Skipped methods</span>
                    <span class="show-or-hide-methods skipped">
                      <a href="#" panel-name="suite-Suite" class="hide-methods skipped suite-Suite"> (hide)</a> <!-- hide-methods skipped suite-Suite -->
                      <a href="#" panel-name="suite-Suite" class="show-methods skipped suite-Suite"> (show)</a> <!-- show-methods skipped suite-Suite -->
                    </span>
                    <div class="method-list-content skipped suite-Suite">
                      <span>
                        <img src="skipped.png" width="3%"/>
                        <a href="#" panel-name="suite-Suite" title="executePageClasses.ExecuteDashBoardPageClass" class="method navigator-link" hash-for-method="f">f</a> <!-- method navigator-link -->
                      </span>
                      <br/>
                      <span>
                        <img src="skipped.png" width="3%"/>
                        <a href="#" panel-name="suite-Suite" title="executePageClasses.ExecuteDashBoardPageClass" class="method navigator-link" hash-for-method="f">f</a> <!-- method navigator-link -->
                      </span>
                      <br/>
                      <span>
                        <img src="skipped.png" width="3%"/>
                        <a href="#" panel-name="suite-Suite" title="executePageClasses.ExecuteClientPageClass" class="method navigator-link" hash-for-method="verify_Client_Search_Functionality">verify_Client_Search_Functionality</a> <!-- method navigator-link -->
                      </span>
                      <br/>
                      <span>
                        <img src="skipped.png" width="3%"/>
                        <a href="#" panel-name="suite-Suite" title="executePageClasses.ExecuteClientPageClass" class="method navigator-link" hash-for-method="verify_Client_Search_Functionality">verify_Client_Search_Functionality</a> <!-- method navigator-link -->
                      </span>
                      <br/>
                      <span>
                        <img src="skipped.png" width="3%"/>
                        <a href="#" panel-name="suite-Suite" title="executePageClasses.ExecuteDashBoardPageClass" class="method navigator-link" hash-for-method="verify_Client_Tab_Is_Displayed_Or_Not">verify_Client_Tab_Is_Displayed_Or_Not</a> <!-- method navigator-link -->
                      </span>
                      <br/>
                      <span>
                        <img src="skipped.png" width="3%"/>
                        <a href="#" panel-name="suite-Suite" title="executePageClasses.ExecuteDashBoardPageClass" class="method navigator-link" hash-for-method="verify_Client_Tab_Is_Displayed_Or_Not">verify_Client_Tab_Is_Displayed_Or_Not</a> <!-- method navigator-link -->
                      </span>
                      <br/>
                      <span>
                        <img src="skipped.png" width="3%"/>
                        <a href="#" panel-name="suite-Suite" title="executePageClasses.ExecuteDashBoardPageClass" class="method navigator-link" hash-for-method="verify_Deduction_Tab_Is_Displayed_Or_Not">verify_Deduction_Tab_Is_Displayed_Or_Not</a> <!-- method navigator-link -->
                      </span>
                      <br/>
                      <span>
                        <img src="skipped.png" width="3%"/>
                        <a href="#" panel-name="suite-Suite" title="executePageClasses.ExecuteDashBoardPageClass" class="method navigator-link" hash-for-method="verify_Deduction_Tab_Is_Displayed_Or_Not">verify_Deduction_Tab_Is_Displayed_Or_Not</a> <!-- method navigator-link -->
                      </span>
                      <br/>
                      <span>
                        <img src="skipped.png" width="3%"/>
                        <a href="#" panel-name="suite-Suite" title="executePageClasses.ExecuteLoginPageClass" class="method navigator-link" hash-for-method="verify_Successfull_Login(carol, 1q2w3e4r)">verify_Successfull_Login(carol, 1q2w3e4r)</a> <!-- method navigator-link -->
                      </span>
                      <br/>
                      <span>
                        <img src="skipped.png" width="3%"/>
                        <a href="#" panel-name="suite-Suite" title="executePageClasses.ExecuteLoginPageClass" class="method navigator-link" hash-for-method="verify_Successfull_Login(carol, 1q2w3e4r)">verify_Successfull_Login(carol, 1q2w3e4r)</a> <!-- method navigator-link -->
                      </span>
                      <br/>
                      <span>
                        <img src="skipped.png" width="3%"/>
                        <a href="#" panel-name="suite-Suite" title="executePageClasses.ExecuteLoginPageClass" class="method navigator-link" hash-for-method="verify_The_Correct_Page_Is_Open_While_Hitting_The_Url">verify_The_Correct_Page_Is_Open_While_Hitting_The_Url</a> <!-- method navigator-link -->
                      </span>
                      <br/>
                      <span>
                        <img src="skipped.png" width="3%"/>
                        <a href="#" panel-name="suite-Suite" title="executePageClasses.ExecuteLoginPageClass" class="method navigator-link" hash-for-method="verify_The_Correct_Page_Is_Open_While_Hitting_The_Url">verify_The_Correct_Page_Is_Open_While_Hitting_The_Url</a> <!-- method navigator-link -->
                      </span>
                      <br/>
                      <span>
                        <img src="skipped.png" width="3%"/>
                        <a href="#" panel-name="suite-Suite" title="executePageClasses.ExecuteDashBoardPageClass" class="method navigator-link" hash-for-method="verify_The_Logo_Is_Displayed_Or_Not">verify_The_Logo_Is_Displayed_Or_Not</a> <!-- method navigator-link -->
                      </span>
                      <br/>
                      <span>
                        <img src="skipped.png" width="3%"/>
                        <a href="#" panel-name="suite-Suite" title="executePageClasses.ExecuteDashBoardPageClass" class="method navigator-link" hash-for-method="verify_The_Logo_Is_Displayed_Or_Not">verify_The_Logo_Is_Displayed_Or_Not</a> <!-- method navigator-link -->
                      </span>
                      <br/>
                      <span>
                        <img src="skipped.png" width="3%"/>
                        <a href="#" panel-name="suite-Suite" title="executePageClasses.ExecuteDeductionPageClass" class="method navigator-link" hash-for-method="verify_The_Page_Deduction_Is_Open_While_Clicking_On_Deductions_Tab_Or_Not">verify_The_Page_Deduction_Is_Open_While_Clicking_On_Deductions_Tab_Or_Not</a> <!-- method navigator-link -->
                      </span>
                      <br/>
                      <span>
                        <img src="skipped.png" width="3%"/>
                        <a href="#" panel-name="suite-Suite" title="executePageClasses.ExecuteDeductionPageClass" class="method navigator-link" hash-for-method="verify_The_Page_Deduction_Is_Open_While_Clicking_On_Deductions_Tab_Or_Not">verify_The_Page_Deduction_Is_Open_While_Clicking_On_Deductions_Tab_Or_Not</a> <!-- method navigator-link -->
                      </span>
                      <br/>
                      <span>
                        <img src="skipped.png" width="3%"/>
                        <a href="#" panel-name="suite-Suite" title="executePageClasses.ExecuteDeductionPageClass" class="method navigator-link" hash-for-method="verify_To_Add_A_New_Deduction">verify_To_Add_A_New_Deduction</a> <!-- method navigator-link -->
                      </span>
                      <br/>
                      <span>
                        <img src="skipped.png" width="3%"/>
                        <a href="#" panel-name="suite-Suite" title="executePageClasses.ExecuteDeductionPageClass" class="method navigator-link" hash-for-method="verify_To_Add_A_New_Deduction">verify_To_Add_A_New_Deduction</a> <!-- method navigator-link -->
                      </span>
                      <br/>
                      <span>
                        <img src="skipped.png" width="3%"/>
                        <a href="#" panel-name="suite-Suite" title="executePageClasses.ExecuteClientPageClass" class="method navigator-link" hash-for-method="verify_To_Create_New_Client">verify_To_Create_New_Client</a> <!-- method navigator-link -->
                      </span>
                      <br/>
                      <span>
                        <img src="skipped.png" width="3%"/>
                        <a href="#" panel-name="suite-Suite" title="executePageClasses.ExecuteClientPageClass" class="method navigator-link" hash-for-method="verify_To_Create_New_Client">verify_To_Create_New_Client</a> <!-- method navigator-link -->
                      </span>
                      <br/>
                      <span>
                        <img src="skipped.png" width="3%"/>
                        <a href="#" panel-name="suite-Suite" title="executePageClasses.ExecuteWorkersPageClass" class="method navigator-link" hash-for-method="verify_To_Create_New_Worker">verify_To_Create_New_Worker</a> <!-- method navigator-link -->
                      </span>
                      <br/>
                      <span>
                        <img src="skipped.png" width="3%"/>
                        <a href="#" panel-name="suite-Suite" title="executePageClasses.ExecuteWorkersPageClass" class="method navigator-link" hash-for-method="verify_To_Create_New_Worker">verify_To_Create_New_Worker</a> <!-- method navigator-link -->
                      </span>
                      <br/>
                      <span>
                        <img src="skipped.png" width="3%"/>
                        <a href="#" panel-name="suite-Suite" title="executePageClasses.ExecuteWorkersPageClass" class="method navigator-link" hash-for-method="verify_To_Delete_A_Worker">verify_To_Delete_A_Worker</a> <!-- method navigator-link -->
                      </span>
                      <br/>
                      <span>
                        <img src="skipped.png" width="3%"/>
                        <a href="#" panel-name="suite-Suite" title="executePageClasses.ExecuteWorkersPageClass" class="method navigator-link" hash-for-method="verify_To_Delete_A_Worker">verify_To_Delete_A_Worker</a> <!-- method navigator-link -->
                      </span>
                      <br/>
                      <span>
                        <img src="skipped.png" width="3%"/>
                        <a href="#" panel-name="suite-Suite" title="executePageClasses.ExecuteWorkersPageClass" class="method navigator-link" hash-for-method="verify_To_Search_A_Worker">verify_To_Search_A_Worker</a> <!-- method navigator-link -->
                      </span>
                      <br/>
                      <span>
                        <img src="skipped.png" width="3%"/>
                        <a href="#" panel-name="suite-Suite" title="executePageClasses.ExecuteWorkersPageClass" class="method navigator-link" hash-for-method="verify_To_Search_A_Worker">verify_To_Search_A_Worker</a> <!-- method navigator-link -->
                      </span>
                      <br/>
                      <span>
                        <img src="skipped.png" width="3%"/>
                        <a href="#" panel-name="suite-Suite" title="executePageClasses.ExecuteLoginPageClass" class="method navigator-link" hash-for-method="verify_UnSuccessful_Login(carolsdf, 1qr568)">verify_UnSuccessful_Login(carolsdf, 1qr568)</a> <!-- method navigator-link -->
                      </span>
                      <br/>
                      <span>
                        <img src="skipped.png" width="3%"/>
                        <a href="#" panel-name="suite-Suite" title="executePageClasses.ExecuteLoginPageClass" class="method navigator-link" hash-for-method="verify_UnSuccessful_Login(carol, 1q2w3ep45)">verify_UnSuccessful_Login(carol, 1q2w3ep45)</a> <!-- method navigator-link -->
                      </span>
                      <br/>
                      <span>
                        <img src="skipped.png" width="3%"/>
                        <a href="#" panel-name="suite-Suite" title="executePageClasses.ExecuteLoginPageClass" class="method navigator-link" hash-for-method="verify_UnSuccessful_Login(carola, 1q2w3e4r)">verify_UnSuccessful_Login(carola, 1q2w3e4r)</a> <!-- method navigator-link -->
                      </span>
                      <br/>
                      <span>
                        <img src="skipped.png" width="3%"/>
                        <a href="#" panel-name="suite-Suite" title="executePageClasses.ExecuteLoginPageClass" class="method navigator-link" hash-for-method="verify_UnSuccessful_Login(carolsdf, 1qr568)">verify_UnSuccessful_Login(carolsdf, 1qr568)</a> <!-- method navigator-link -->
                      </span>
                      <br/>
                      <span>
                        <img src="skipped.png" width="3%"/>
                        <a href="#" panel-name="suite-Suite" title="executePageClasses.ExecuteLoginPageClass" class="method navigator-link" hash-for-method="verify_UnSuccessful_Login(carol, 1q2w3ep45)">verify_UnSuccessful_Login(carol, 1q2w3ep45)</a> <!-- method navigator-link -->
                      </span>
                      <br/>
                      <span>
                        <img src="skipped.png" width="3%"/>
                        <a href="#" panel-name="suite-Suite" title="executePageClasses.ExecuteLoginPageClass" class="method navigator-link" hash-for-method="verify_UnSuccessful_Login(carola, 1q2w3e4r)">verify_UnSuccessful_Login(carola, 1q2w3e4r)</a> <!-- method navigator-link -->
                      </span>
                      <br/>
                      <span>
                        <img src="skipped.png" width="3%"/>
                        <a href="#" panel-name="suite-Suite" title="executePageClasses.ExecuteDashBoardPageClass" class="method navigator-link" hash-for-method="verify_Welcome_Msg_Is_Displayed_Or_Not">verify_Welcome_Msg_Is_Displayed_Or_Not</a> <!-- method navigator-link -->
                      </span>
                      <br/>
                      <span>
                        <img src="skipped.png" width="3%"/>
                        <a href="#" panel-name="suite-Suite" title="executePageClasses.ExecuteDashBoardPageClass" class="method navigator-link" hash-for-method="verify_Welcome_Msg_Is_Displayed_Or_Not">verify_Welcome_Msg_Is_Displayed_Or_Not</a> <!-- method navigator-link -->
                      </span>
                      <br/>
                      <span>
                        <img src="skipped.png" width="3%"/>
                        <a href="#" panel-name="suite-Suite" title="executePageClasses.ExecuteDashBoardPageClass" class="method navigator-link" hash-for-method="verify_Workers_Tab_Is_Displayed_Or_Not">verify_Workers_Tab_Is_Displayed_Or_Not</a> <!-- method navigator-link -->
                      </span>
                      <br/>
                      <span>
                        <img src="skipped.png" width="3%"/>
                        <a href="#" panel-name="suite-Suite" title="executePageClasses.ExecuteDashBoardPageClass" class="method navigator-link" hash-for-method="verify_Workers_Tab_Is_Displayed_Or_Not">verify_Workers_Tab_Is_Displayed_Or_Not</a> <!-- method navigator-link -->
                      </span>
                      <br/>
                    </div> <!-- method-list-content skipped suite-Suite -->
                  </li>
                </ul>
              </div> <!-- suite-section-content -->
            </div> <!-- result-section -->
          </div> <!-- navigator-suite-content -->
        </div> <!-- rounded-window -->
      </div> <!-- suite -->
    </div> <!-- navigator-root -->
    <div class="wrapper">
      <div class="main-panel-root">
        <div panel-name="suite-Suite" class="panel Suite">
          <div class="suite-Suite-class-skipped">
            <div class="main-panel-header rounded-window-top">
              <img src="skipped.png"/>
              <span class="class-name">executePageClasses.ExecuteDashBoardPageClass</span>
            </div> <!-- main-panel-header rounded-window-top -->
            <div class="main-panel-content rounded-window-bottom">
              <div class="method">
                <div class="method-content">
                  <a name="f">
                  </a> <!-- f -->
                  <span class="method-name">f</span>
                  <div class="stack-trace">java.io.FileNotFoundException: C:\Users\hp\git\SeleniumTestRepository\com.SuperStoreProjectsrc\test\resources\config.properties (The system cannot find the path specified)
	at java.base/java.io.FileInputStream.open0(Native Method)
	at java.base/java.io.FileInputStream.open(FileInputStream.java:216)
	at java.base/java.io.FileInputStream.&lt;init&gt;(FileInputStream.java:157)
	at java.base/java.io.FileInputStream.&lt;init&gt;(FileInputStream.java:111)
	at executePageClasses.BaseClass.readProperty(BaseClass.java:25)
	at executePageClasses.BaseClass.beforeMethod(BaseClass.java:35)
	at java.base/java.util.ArrayList.forEach(ArrayList.java:1511)
... Removed 31 stack frames
</div> <!-- stack-trace -->
                </div> <!-- method-content -->
              </div> <!-- method -->
              <div class="method">
                <div class="method-content">
                  <a name="f">
                  </a> <!-- f -->
                  <span class="method-name">f</span>
                  <div class="stack-trace">java.io.FileNotFoundException: C:\Users\hp\git\SeleniumTestRepository\com.SuperStoreProjectsrc\test\resources\config.properties (The system cannot find the path specified)
	at java.base/java.io.FileInputStream.open0(Native Method)
	at java.base/java.io.FileInputStream.open(FileInputStream.java:216)
	at java.base/java.io.FileInputStream.&lt;init&gt;(FileInputStream.java:157)
	at java.base/java.io.FileInputStream.&lt;init&gt;(FileInputStream.java:111)
	at executePageClasses.BaseClass.readProperty(BaseClass.java:25)
	at executePageClasses.BaseClass.beforeMethod(BaseClass.java:35)
	at java.base/java.util.ArrayList.forEach(ArrayList.java:1511)
... Removed 31 stack frames
</div> <!-- stack-trace -->
                </div> <!-- method-content -->
              </div> <!-- method -->
              <div class="method">
                <div class="method-content">
                  <a name="verify_Client_Tab_Is_Displayed_Or_Not">
                  </a> <!-- verify_Client_Tab_Is_Displayed_Or_Not -->
                  <span class="method-name">verify_Client_Tab_Is_Displayed_Or_Not</span>
                  <div class="stack-trace">java.io.FileNotFoundException: C:\Users\hp\git\SeleniumTestRepository\com.SuperStoreProjectsrc\test\resources\config.properties (The system cannot find the path specified)
	at java.base/java.io.FileInputStream.open0(Native Method)
	at java.base/java.io.FileInputStream.open(FileInputStream.java:216)
	at java.base/java.io.FileInputStream.&lt;init&gt;(FileInputStream.java:157)
	at java.base/java.io.FileInputStream.&lt;init&gt;(FileInputStream.java:111)
	at executePageClasses.BaseClass.readProperty(BaseClass.java:25)
	at executePageClasses.BaseClass.beforeMethod(BaseClass.java:35)
	at java.base/java.util.ArrayList.forEach(ArrayList.java:1511)
... Removed 31 stack frames
</div> <!-- stack-trace -->
                </div> <!-- method-content -->
              </div> <!-- method -->
              <div class="method">
                <div class="method-content">
                  <a name="verify_Client_Tab_Is_Displayed_Or_Not">
                  </a> <!-- verify_Client_Tab_Is_Displayed_Or_Not -->
                  <span class="method-name">verify_Client_Tab_Is_Displayed_Or_Not</span>
                  <div class="stack-trace">java.io.FileNotFoundException: C:\Users\hp\git\SeleniumTestRepository\com.SuperStoreProjectsrc\test\resources\config.properties (The system cannot find the path specified)
	at java.base/java.io.FileInputStream.open0(Native Method)
	at java.base/java.io.FileInputStream.open(FileInputStream.java:216)
	at java.base/java.io.FileInputStream.&lt;init&gt;(FileInputStream.java:157)
	at java.base/java.io.FileInputStream.&lt;init&gt;(FileInputStream.java:111)
	at executePageClasses.BaseClass.readProperty(BaseClass.java:25)
	at executePageClasses.BaseClass.beforeMethod(BaseClass.java:35)
	at java.base/java.util.ArrayList.forEach(ArrayList.java:1511)
... Removed 31 stack frames
</div> <!-- stack-trace -->
                </div> <!-- method-content -->
              </div> <!-- method -->
              <div class="method">
                <div class="method-content">
                  <a name="verify_Deduction_Tab_Is_Displayed_Or_Not">
                  </a> <!-- verify_Deduction_Tab_Is_Displayed_Or_Not -->
                  <span class="method-name">verify_Deduction_Tab_Is_Displayed_Or_Not</span>
                  <div class="stack-trace">java.io.FileNotFoundException: C:\Users\hp\git\SeleniumTestRepository\com.SuperStoreProjectsrc\test\resources\config.properties (The system cannot find the path specified)
	at java.base/java.io.FileInputStream.open0(Native Method)
	at java.base/java.io.FileInputStream.open(FileInputStream.java:216)
	at java.base/java.io.FileInputStream.&lt;init&gt;(FileInputStream.java:157)
	at java.base/java.io.FileInputStream.&lt;init&gt;(FileInputStream.java:111)
	at executePageClasses.BaseClass.readProperty(BaseClass.java:25)
	at executePageClasses.BaseClass.beforeMethod(BaseClass.java:35)
	at java.base/java.util.ArrayList.forEach(ArrayList.java:1511)
... Removed 31 stack frames
</div> <!-- stack-trace -->
                </div> <!-- method-content -->
              </div> <!-- method -->
              <div class="method">
                <div class="method-content">
                  <a name="verify_Deduction_Tab_Is_Displayed_Or_Not">
                  </a> <!-- verify_Deduction_Tab_Is_Displayed_Or_Not -->
                  <span class="method-name">verify_Deduction_Tab_Is_Displayed_Or_Not</span>
                  <div class="stack-trace">java.io.FileNotFoundException: C:\Users\hp\git\SeleniumTestRepository\com.SuperStoreProjectsrc\test\resources\config.properties (The system cannot find the path specified)
	at java.base/java.io.FileInputStream.open0(Native Method)
	at java.base/java.io.FileInputStream.open(FileInputStream.java:216)
	at java.base/java.io.FileInputStream.&lt;init&gt;(FileInputStream.java:157)
	at java.base/java.io.FileInputStream.&lt;init&gt;(FileInputStream.java:111)
	at executePageClasses.BaseClass.readProperty(BaseClass.java:25)
	at executePageClasses.BaseClass.beforeMethod(BaseClass.java:35)
	at java.base/java.util.ArrayList.forEach(ArrayList.java:1511)
... Removed 31 stack frames
</div> <!-- stack-trace -->
                </div> <!-- method-content -->
              </div> <!-- method -->
              <div class="method">
                <div class="method-content">
                  <a name="verify_The_Logo_Is_Displayed_Or_Not">
                  </a> <!-- verify_The_Logo_Is_Displayed_Or_Not -->
                  <span class="method-name">verify_The_Logo_Is_Displayed_Or_Not</span>
                  <div class="stack-trace">java.io.FileNotFoundException: C:\Users\hp\git\SeleniumTestRepository\com.SuperStoreProjectsrc\test\resources\config.properties (The system cannot find the path specified)
	at java.base/java.io.FileInputStream.open0(Native Method)
	at java.base/java.io.FileInputStream.open(FileInputStream.java:216)
	at java.base/java.io.FileInputStream.&lt;init&gt;(FileInputStream.java:157)
	at java.base/java.io.FileInputStream.&lt;init&gt;(FileInputStream.java:111)
	at executePageClasses.BaseClass.readProperty(BaseClass.java:25)
	at executePageClasses.BaseClass.beforeMethod(BaseClass.java:35)
	at java.base/java.util.ArrayList.forEach(ArrayList.java:1511)
... Removed 31 stack frames
</div> <!-- stack-trace -->
                </div> <!-- method-content -->
              </div> <!-- method -->
              <div class="method">
                <div class="method-content">
                  <a name="verify_The_Logo_Is_Displayed_Or_Not">
                  </a> <!-- verify_The_Logo_Is_Displayed_Or_Not -->
                  <span class="method-name">verify_The_Logo_Is_Displayed_Or_Not</span>
                  <div class="stack-trace">java.io.FileNotFoundException: C:\Users\hp\git\SeleniumTestRepository\com.SuperStoreProjectsrc\test\resources\config.properties (The system cannot find the path specified)
	at java.base/java.io.FileInputStream.open0(Native Method)
	at java.base/java.io.FileInputStream.open(FileInputStream.java:216)
	at java.base/java.io.FileInputStream.&lt;init&gt;(FileInputStream.java:157)
	at java.base/java.io.FileInputStream.&lt;init&gt;(FileInputStream.java:111)
	at executePageClasses.BaseClass.readProperty(BaseClass.java:25)
	at executePageClasses.BaseClass.beforeMethod(BaseClass.java:35)
	at java.base/java.util.ArrayList.forEach(ArrayList.java:1511)
... Removed 31 stack frames
</div> <!-- stack-trace -->
                </div> <!-- method-content -->
              </div> <!-- method -->
              <div class="method">
                <div class="method-content">
                  <a name="verify_Welcome_Msg_Is_Displayed_Or_Not">
                  </a> <!-- verify_Welcome_Msg_Is_Displayed_Or_Not -->
                  <span class="method-name">verify_Welcome_Msg_Is_Displayed_Or_Not</span>
                  <div class="stack-trace">java.io.FileNotFoundException: C:\Users\hp\git\SeleniumTestRepository\com.SuperStoreProjectsrc\test\resources\config.properties (The system cannot find the path specified)
	at java.base/java.io.FileInputStream.open0(Native Method)
	at java.base/java.io.FileInputStream.open(FileInputStream.java:216)
	at java.base/java.io.FileInputStream.&lt;init&gt;(FileInputStream.java:157)
	at java.base/java.io.FileInputStream.&lt;init&gt;(FileInputStream.java:111)
	at executePageClasses.BaseClass.readProperty(BaseClass.java:25)
	at executePageClasses.BaseClass.beforeMethod(BaseClass.java:35)
	at java.base/java.util.ArrayList.forEach(ArrayList.java:1511)
... Removed 31 stack frames
</div> <!-- stack-trace -->
                </div> <!-- method-content -->
              </div> <!-- method -->
              <div class="method">
                <div class="method-content">
                  <a name="verify_Welcome_Msg_Is_Displayed_Or_Not">
                  </a> <!-- verify_Welcome_Msg_Is_Displayed_Or_Not -->
                  <span class="method-name">verify_Welcome_Msg_Is_Displayed_Or_Not</span>
                  <div class="stack-trace">java.io.FileNotFoundException: C:\Users\hp\git\SeleniumTestRepository\com.SuperStoreProjectsrc\test\resources\config.properties (The system cannot find the path specified)
	at java.base/java.io.FileInputStream.open0(Native Method)
	at java.base/java.io.FileInputStream.open(FileInputStream.java:216)
	at java.base/java.io.FileInputStream.&lt;init&gt;(FileInputStream.java:157)
	at java.base/java.io.FileInputStream.&lt;init&gt;(FileInputStream.java:111)
	at executePageClasses.BaseClass.readProperty(BaseClass.java:25)
	at executePageClasses.BaseClass.beforeMethod(BaseClass.java:35)
	at java.base/java.util.ArrayList.forEach(ArrayList.java:1511)
... Removed 31 stack frames
</div> <!-- stack-trace -->
                </div> <!-- method-content -->
              </div> <!-- method -->
              <div class="method">
                <div class="method-content">
                  <a name="verify_Workers_Tab_Is_Displayed_Or_Not">
                  </a> <!-- verify_Workers_Tab_Is_Displayed_Or_Not -->
                  <span class="method-name">verify_Workers_Tab_Is_Displayed_Or_Not</span>
                  <div class="stack-trace">java.io.FileNotFoundException: C:\Users\hp\git\SeleniumTestRepository\com.SuperStoreProjectsrc\test\resources\config.properties (The system cannot find the path specified)
	at java.base/java.io.FileInputStream.open0(Native Method)
	at java.base/java.io.FileInputStream.open(FileInputStream.java:216)
	at java.base/java.io.FileInputStream.&lt;init&gt;(FileInputStream.java:157)
	at java.base/java.io.FileInputStream.&lt;init&gt;(FileInputStream.java:111)
	at executePageClasses.BaseClass.readProperty(BaseClass.java:25)
	at executePageClasses.BaseClass.beforeMethod(BaseClass.java:35)
	at java.base/java.util.ArrayList.forEach(ArrayList.java:1511)
... Removed 31 stack frames
</div> <!-- stack-trace -->
                </div> <!-- method-content -->
              </div> <!-- method -->
              <div class="method">
                <div class="method-content">
                  <a name="verify_Workers_Tab_Is_Displayed_Or_Not">
                  </a> <!-- verify_Workers_Tab_Is_Displayed_Or_Not -->
                  <span class="method-name">verify_Workers_Tab_Is_Displayed_Or_Not</span>
                  <div class="stack-trace">java.io.FileNotFoundException: C:\Users\hp\git\SeleniumTestRepository\com.SuperStoreProjectsrc\test\resources\config.properties (The system cannot find the path specified)
	at java.base/java.io.FileInputStream.open0(Native Method)
	at java.base/java.io.FileInputStream.open(FileInputStream.java:216)
	at java.base/java.io.FileInputStream.&lt;init&gt;(FileInputStream.java:157)
	at java.base/java.io.FileInputStream.&lt;init&gt;(FileInputStream.java:111)
	at executePageClasses.BaseClass.readProperty(BaseClass.java:25)
	at executePageClasses.BaseClass.beforeMethod(BaseClass.java:35)
	at java.base/java.util.ArrayList.forEach(ArrayList.java:1511)
... Removed 31 stack frames
</div> <!-- stack-trace -->
                </div> <!-- method-content -->
              </div> <!-- method -->
            </div> <!-- main-panel-content rounded-window-bottom -->
          </div> <!-- suite-Suite-class-skipped -->
          <div class="suite-Suite-class-skipped">
            <div class="main-panel-header rounded-window-top">
              <img src="skipped.png"/>
              <span class="class-name">executePageClasses.ExecuteWorkersPageClass</span>
            </div> <!-- main-panel-header rounded-window-top -->
            <div class="main-panel-content rounded-window-bottom">
              <div class="method">
                <div class="method-content">
                  <a name="verify_To_Create_New_Worker">
                  </a> <!-- verify_To_Create_New_Worker -->
                  <span class="method-name">verify_To_Create_New_Worker</span>
                  <div class="stack-trace">java.io.FileNotFoundException: C:\Users\hp\git\SeleniumTestRepository\com.SuperStoreProjectsrc\test\resources\config.properties (The system cannot find the path specified)
	at java.base/java.io.FileInputStream.open0(Native Method)
	at java.base/java.io.FileInputStream.open(FileInputStream.java:216)
	at java.base/java.io.FileInputStream.&lt;init&gt;(FileInputStream.java:157)
	at java.base/java.io.FileInputStream.&lt;init&gt;(FileInputStream.java:111)
	at executePageClasses.BaseClass.readProperty(BaseClass.java:25)
	at executePageClasses.BaseClass.beforeMethod(BaseClass.java:35)
	at java.base/java.util.ArrayList.forEach(ArrayList.java:1511)
... Removed 31 stack frames
</div> <!-- stack-trace -->
                </div> <!-- method-content -->
              </div> <!-- method -->
              <div class="method">
                <div class="method-content">
                  <a name="verify_To_Create_New_Worker">
                  </a> <!-- verify_To_Create_New_Worker -->
                  <span class="method-name">verify_To_Create_New_Worker</span>
                  <div class="stack-trace">java.io.FileNotFoundException: C:\Users\hp\git\SeleniumTestRepository\com.SuperStoreProjectsrc\test\resources\config.properties (The system cannot find the path specified)
	at java.base/java.io.FileInputStream.open0(Native Method)
	at java.base/java.io.FileInputStream.open(FileInputStream.java:216)
	at java.base/java.io.FileInputStream.&lt;init&gt;(FileInputStream.java:157)
	at java.base/java.io.FileInputStream.&lt;init&gt;(FileInputStream.java:111)
	at executePageClasses.BaseClass.readProperty(BaseClass.java:25)
	at executePageClasses.BaseClass.beforeMethod(BaseClass.java:35)
	at java.base/java.util.ArrayList.forEach(ArrayList.java:1511)
... Removed 31 stack frames
</div> <!-- stack-trace -->
                </div> <!-- method-content -->
              </div> <!-- method -->
              <div class="method">
                <div class="method-content">
                  <a name="verify_To_Delete_A_Worker">
                  </a> <!-- verify_To_Delete_A_Worker -->
                  <span class="method-name">verify_To_Delete_A_Worker</span>
                  <div class="stack-trace">java.io.FileNotFoundException: C:\Users\hp\git\SeleniumTestRepository\com.SuperStoreProjectsrc\test\resources\config.properties (The system cannot find the path specified)
	at java.base/java.io.FileInputStream.open0(Native Method)
	at java.base/java.io.FileInputStream.open(FileInputStream.java:216)
	at java.base/java.io.FileInputStream.&lt;init&gt;(FileInputStream.java:157)
	at java.base/java.io.FileInputStream.&lt;init&gt;(FileInputStream.java:111)
	at executePageClasses.BaseClass.readProperty(BaseClass.java:25)
	at executePageClasses.BaseClass.beforeMethod(BaseClass.java:35)
	at java.base/java.util.ArrayList.forEach(ArrayList.java:1511)
... Removed 31 stack frames
</div> <!-- stack-trace -->
                </div> <!-- method-content -->
              </div> <!-- method -->
              <div class="method">
                <div class="method-content">
                  <a name="verify_To_Delete_A_Worker">
                  </a> <!-- verify_To_Delete_A_Worker -->
                  <span class="method-name">verify_To_Delete_A_Worker</span>
                  <div class="stack-trace">java.io.FileNotFoundException: C:\Users\hp\git\SeleniumTestRepository\com.SuperStoreProjectsrc\test\resources\config.properties (The system cannot find the path specified)
	at java.base/java.io.FileInputStream.open0(Native Method)
	at java.base/java.io.FileInputStream.open(FileInputStream.java:216)
	at java.base/java.io.FileInputStream.&lt;init&gt;(FileInputStream.java:157)
	at java.base/java.io.FileInputStream.&lt;init&gt;(FileInputStream.java:111)
	at executePageClasses.BaseClass.readProperty(BaseClass.java:25)
	at executePageClasses.BaseClass.beforeMethod(BaseClass.java:35)
	at java.base/java.util.ArrayList.forEach(ArrayList.java:1511)
... Removed 31 stack frames
</div> <!-- stack-trace -->
                </div> <!-- method-content -->
              </div> <!-- method -->
              <div class="method">
                <div class="method-content">
                  <a name="verify_To_Search_A_Worker">
                  </a> <!-- verify_To_Search_A_Worker -->
                  <span class="method-name">verify_To_Search_A_Worker</span>
                  <div class="stack-trace">java.io.FileNotFoundException: C:\Users\hp\git\SeleniumTestRepository\com.SuperStoreProjectsrc\test\resources\config.properties (The system cannot find the path specified)
	at java.base/java.io.FileInputStream.open0(Native Method)
	at java.base/java.io.FileInputStream.open(FileInputStream.java:216)
	at java.base/java.io.FileInputStream.&lt;init&gt;(FileInputStream.java:157)
	at java.base/java.io.FileInputStream.&lt;init&gt;(FileInputStream.java:111)
	at executePageClasses.BaseClass.readProperty(BaseClass.java:25)
	at executePageClasses.BaseClass.beforeMethod(BaseClass.java:35)
	at java.base/java.util.ArrayList.forEach(ArrayList.java:1511)
... Removed 31 stack frames
</div> <!-- stack-trace -->
                </div> <!-- method-content -->
              </div> <!-- method -->
              <div class="method">
                <div class="method-content">
                  <a name="verify_To_Search_A_Worker">
                  </a> <!-- verify_To_Search_A_Worker -->
                  <span class="method-name">verify_To_Search_A_Worker</span>
                  <div class="stack-trace">java.io.FileNotFoundException: C:\Users\hp\git\SeleniumTestRepository\com.SuperStoreProjectsrc\test\resources\config.properties (The system cannot find the path specified)
	at java.base/java.io.FileInputStream.open0(Native Method)
	at java.base/java.io.FileInputStream.open(FileInputStream.java:216)
	at java.base/java.io.FileInputStream.&lt;init&gt;(FileInputStream.java:157)
	at java.base/java.io.FileInputStream.&lt;init&gt;(FileInputStream.java:111)
	at executePageClasses.BaseClass.readProperty(BaseClass.java:25)
	at executePageClasses.BaseClass.beforeMethod(BaseClass.java:35)
	at java.base/java.util.ArrayList.forEach(ArrayList.java:1511)
... Removed 31 stack frames
</div> <!-- stack-trace -->
                </div> <!-- method-content -->
              </div> <!-- method -->
            </div> <!-- main-panel-content rounded-window-bottom -->
          </div> <!-- suite-Suite-class-skipped -->
          <div class="suite-Suite-class-skipped">
            <div class="main-panel-header rounded-window-top">
              <img src="skipped.png"/>
              <span class="class-name">executePageClasses.ExecuteLoginPageClass</span>
            </div> <!-- main-panel-header rounded-window-top -->
            <div class="main-panel-content rounded-window-bottom">
              <div class="method">
                <div class="method-content">
                  <a name="verify_Successfull_Login(carol, 1q2w3e4r)">
                  </a> <!-- verify_Successfull_Login(carol, 1q2w3e4r) -->
                  <span class="method-name">verify_Successfull_Login</span>
                  <span class="parameters">(carol,1q2w3e4r)</span>
                  <div class="stack-trace">java.io.FileNotFoundException: C:\Users\hp\git\SeleniumTestRepository\com.SuperStoreProjectsrc\test\resources\config.properties (The system cannot find the path specified)
	at java.base/java.io.FileInputStream.open0(Native Method)
	at java.base/java.io.FileInputStream.open(FileInputStream.java:216)
	at java.base/java.io.FileInputStream.&lt;init&gt;(FileInputStream.java:157)
	at java.base/java.io.FileInputStream.&lt;init&gt;(FileInputStream.java:111)
	at executePageClasses.BaseClass.readProperty(BaseClass.java:25)
	at executePageClasses.BaseClass.beforeMethod(BaseClass.java:35)
	at java.base/java.util.ArrayList.forEach(ArrayList.java:1511)
... Removed 31 stack frames
</div> <!-- stack-trace -->
                </div> <!-- method-content -->
              </div> <!-- method -->
              <div class="method">
                <div class="method-content">
                  <a name="verify_Successfull_Login(carol, 1q2w3e4r)">
                  </a> <!-- verify_Successfull_Login(carol, 1q2w3e4r) -->
                  <span class="method-name">verify_Successfull_Login</span>
                  <span class="parameters">(carol,1q2w3e4r)</span>
                  <div class="stack-trace">java.io.FileNotFoundException: C:\Users\hp\git\SeleniumTestRepository\com.SuperStoreProjectsrc\test\resources\config.properties (The system cannot find the path specified)
	at java.base/java.io.FileInputStream.open0(Native Method)
	at java.base/java.io.FileInputStream.open(FileInputStream.java:216)
	at java.base/java.io.FileInputStream.&lt;init&gt;(FileInputStream.java:157)
	at java.base/java.io.FileInputStream.&lt;init&gt;(FileInputStream.java:111)
	at executePageClasses.BaseClass.readProperty(BaseClass.java:25)
	at executePageClasses.BaseClass.beforeMethod(BaseClass.java:35)
	at java.base/java.util.ArrayList.forEach(ArrayList.java:1511)
... Removed 31 stack frames
</div> <!-- stack-trace -->
                </div> <!-- method-content -->
              </div> <!-- method -->
              <div class="method">
                <div class="method-content">
                  <a name="verify_The_Correct_Page_Is_Open_While_Hitting_The_Url">
                  </a> <!-- verify_The_Correct_Page_Is_Open_While_Hitting_The_Url -->
                  <span class="method-name">verify_The_Correct_Page_Is_Open_While_Hitting_The_Url</span>
                  <div class="stack-trace">java.io.FileNotFoundException: C:\Users\hp\git\SeleniumTestRepository\com.SuperStoreProjectsrc\test\resources\config.properties (The system cannot find the path specified)
	at java.base/java.io.FileInputStream.open0(Native Method)
	at java.base/java.io.FileInputStream.open(FileInputStream.java:216)
	at java.base/java.io.FileInputStream.&lt;init&gt;(FileInputStream.java:157)
	at java.base/java.io.FileInputStream.&lt;init&gt;(FileInputStream.java:111)
	at executePageClasses.BaseClass.readProperty(BaseClass.java:25)
	at executePageClasses.BaseClass.beforeMethod(BaseClass.java:35)
	at java.base/java.util.ArrayList.forEach(ArrayList.java:1511)
... Removed 31 stack frames
</div> <!-- stack-trace -->
                </div> <!-- method-content -->
              </div> <!-- method -->
              <div class="method">
                <div class="method-content">
                  <a name="verify_The_Correct_Page_Is_Open_While_Hitting_The_Url">
                  </a> <!-- verify_The_Correct_Page_Is_Open_While_Hitting_The_Url -->
                  <span class="method-name">verify_The_Correct_Page_Is_Open_While_Hitting_The_Url</span>
                  <div class="stack-trace">java.io.FileNotFoundException: C:\Users\hp\git\SeleniumTestRepository\com.SuperStoreProjectsrc\test\resources\config.properties (The system cannot find the path specified)
	at java.base/java.io.FileInputStream.open0(Native Method)
	at java.base/java.io.FileInputStream.open(FileInputStream.java:216)
	at java.base/java.io.FileInputStream.&lt;init&gt;(FileInputStream.java:157)
	at java.base/java.io.FileInputStream.&lt;init&gt;(FileInputStream.java:111)
	at executePageClasses.BaseClass.readProperty(BaseClass.java:25)
	at executePageClasses.BaseClass.beforeMethod(BaseClass.java:35)
	at java.base/java.util.ArrayList.forEach(ArrayList.java:1511)
... Removed 31 stack frames
</div> <!-- stack-trace -->
                </div> <!-- method-content -->
              </div> <!-- method -->
              <div class="method">
                <div class="method-content">
                  <a name="verify_UnSuccessful_Login(carolsdf, 1qr568)">
                  </a> <!-- verify_UnSuccessful_Login(carolsdf, 1qr568) -->
                  <span class="method-name">verify_UnSuccessful_Login</span>
                  <span class="parameters">(carolsdf,1qr568)</span>
                  <div class="stack-trace">java.io.FileNotFoundException: C:\Users\hp\git\SeleniumTestRepository\com.SuperStoreProjectsrc\test\resources\config.properties (The system cannot find the path specified)
	at java.base/java.io.FileInputStream.open0(Native Method)
	at java.base/java.io.FileInputStream.open(FileInputStream.java:216)
	at java.base/java.io.FileInputStream.&lt;init&gt;(FileInputStream.java:157)
	at java.base/java.io.FileInputStream.&lt;init&gt;(FileInputStream.java:111)
	at executePageClasses.BaseClass.readProperty(BaseClass.java:25)
	at executePageClasses.BaseClass.beforeMethod(BaseClass.java:35)
	at java.base/java.util.ArrayList.forEach(ArrayList.java:1511)
... Removed 31 stack frames
</div> <!-- stack-trace -->
                </div> <!-- method-content -->
              </div> <!-- method -->
              <div class="method">
                <div class="method-content">
                  <a name="verify_UnSuccessful_Login(carol, 1q2w3ep45)">
                  </a> <!-- verify_UnSuccessful_Login(carol, 1q2w3ep45) -->
                  <span class="method-name">verify_UnSuccessful_Login</span>
                  <span class="parameters">(carol,1q2w3ep45)</span>
                  <div class="stack-trace">java.io.FileNotFoundException: C:\Users\hp\git\SeleniumTestRepository\com.SuperStoreProjectsrc\test\resources\config.properties (The system cannot find the path specified)
	at java.base/java.io.FileInputStream.open0(Native Method)
	at java.base/java.io.FileInputStream.open(FileInputStream.java:216)
	at java.base/java.io.FileInputStream.&lt;init&gt;(FileInputStream.java:157)
	at java.base/java.io.FileInputStream.&lt;init&gt;(FileInputStream.java:111)
	at executePageClasses.BaseClass.readProperty(BaseClass.java:25)
	at executePageClasses.BaseClass.beforeMethod(BaseClass.java:35)
	at java.base/java.util.ArrayList.forEach(ArrayList.java:1511)
... Removed 31 stack frames
</div> <!-- stack-trace -->
                </div> <!-- method-content -->
              </div> <!-- method -->
              <div class="method">
                <div class="method-content">
                  <a name="verify_UnSuccessful_Login(carola, 1q2w3e4r)">
                  </a> <!-- verify_UnSuccessful_Login(carola, 1q2w3e4r) -->
                  <span class="method-name">verify_UnSuccessful_Login</span>
                  <span class="parameters">(carola,1q2w3e4r)</span>
                  <div class="stack-trace">java.io.FileNotFoundException: C:\Users\hp\git\SeleniumTestRepository\com.SuperStoreProjectsrc\test\resources\config.properties (The system cannot find the path specified)
	at java.base/java.io.FileInputStream.open0(Native Method)
	at java.base/java.io.FileInputStream.open(FileInputStream.java:216)
	at java.base/java.io.FileInputStream.&lt;init&gt;(FileInputStream.java:157)
	at java.base/java.io.FileInputStream.&lt;init&gt;(FileInputStream.java:111)
	at executePageClasses.BaseClass.readProperty(BaseClass.java:25)
	at executePageClasses.BaseClass.beforeMethod(BaseClass.java:35)
	at java.base/java.util.ArrayList.forEach(ArrayList.java:1511)
... Removed 31 stack frames
</div> <!-- stack-trace -->
                </div> <!-- method-content -->
              </div> <!-- method -->
              <div class="method">
                <div class="method-content">
                  <a name="verify_UnSuccessful_Login(carolsdf, 1qr568)">
                  </a> <!-- verify_UnSuccessful_Login(carolsdf, 1qr568) -->
                  <span class="method-name">verify_UnSuccessful_Login</span>
                  <span class="parameters">(carolsdf,1qr568)</span>
                  <div class="stack-trace">java.io.FileNotFoundException: C:\Users\hp\git\SeleniumTestRepository\com.SuperStoreProjectsrc\test\resources\config.properties (The system cannot find the path specified)
	at java.base/java.io.FileInputStream.open0(Native Method)
	at java.base/java.io.FileInputStream.open(FileInputStream.java:216)
	at java.base/java.io.FileInputStream.&lt;init&gt;(FileInputStream.java:157)
	at java.base/java.io.FileInputStream.&lt;init&gt;(FileInputStream.java:111)
	at executePageClasses.BaseClass.readProperty(BaseClass.java:25)
	at executePageClasses.BaseClass.beforeMethod(BaseClass.java:35)
	at java.base/java.util.ArrayList.forEach(ArrayList.java:1511)
... Removed 31 stack frames
</div> <!-- stack-trace -->
                </div> <!-- method-content -->
              </div> <!-- method -->
              <div class="method">
                <div class="method-content">
                  <a name="verify_UnSuccessful_Login(carol, 1q2w3ep45)">
                  </a> <!-- verify_UnSuccessful_Login(carol, 1q2w3ep45) -->
                  <span class="method-name">verify_UnSuccessful_Login</span>
                  <span class="parameters">(carol,1q2w3ep45)</span>
                  <div class="stack-trace">java.io.FileNotFoundException: C:\Users\hp\git\SeleniumTestRepository\com.SuperStoreProjectsrc\test\resources\config.properties (The system cannot find the path specified)
	at java.base/java.io.FileInputStream.open0(Native Method)
	at java.base/java.io.FileInputStream.open(FileInputStream.java:216)
	at java.base/java.io.FileInputStream.&lt;init&gt;(FileInputStream.java:157)
	at java.base/java.io.FileInputStream.&lt;init&gt;(FileInputStream.java:111)
	at executePageClasses.BaseClass.readProperty(BaseClass.java:25)
	at executePageClasses.BaseClass.beforeMethod(BaseClass.java:35)
	at java.base/java.util.ArrayList.forEach(ArrayList.java:1511)
... Removed 31 stack frames
</div> <!-- stack-trace -->
                </div> <!-- method-content -->
              </div> <!-- method -->
              <div class="method">
                <div class="method-content">
                  <a name="verify_UnSuccessful_Login(carola, 1q2w3e4r)">
                  </a> <!-- verify_UnSuccessful_Login(carola, 1q2w3e4r) -->
                  <span class="method-name">verify_UnSuccessful_Login</span>
                  <span class="parameters">(carola,1q2w3e4r)</span>
                  <div class="stack-trace">java.io.FileNotFoundException: C:\Users\hp\git\SeleniumTestRepository\com.SuperStoreProjectsrc\test\resources\config.properties (The system cannot find the path specified)
	at java.base/java.io.FileInputStream.open0(Native Method)
	at java.base/java.io.FileInputStream.open(FileInputStream.java:216)
	at java.base/java.io.FileInputStream.&lt;init&gt;(FileInputStream.java:157)
	at java.base/java.io.FileInputStream.&lt;init&gt;(FileInputStream.java:111)
	at executePageClasses.BaseClass.readProperty(BaseClass.java:25)
	at executePageClasses.BaseClass.beforeMethod(BaseClass.java:35)
	at java.base/java.util.ArrayList.forEach(ArrayList.java:1511)
... Removed 31 stack frames
</div> <!-- stack-trace -->
                </div> <!-- method-content -->
              </div> <!-- method -->
            </div> <!-- main-panel-content rounded-window-bottom -->
          </div> <!-- suite-Suite-class-skipped -->
          <div class="suite-Suite-class-skipped">
            <div class="main-panel-header rounded-window-top">
              <img src="skipped.png"/>
              <span class="class-name">executePageClasses.ExecuteDeductionPageClass</span>
            </div> <!-- main-panel-header rounded-window-top -->
            <div class="main-panel-content rounded-window-bottom">
              <div class="method">
                <div class="method-content">
                  <a name="verify_The_Page_Deduction_Is_Open_While_Clicking_On_Deductions_Tab_Or_Not">
                  </a> <!-- verify_The_Page_Deduction_Is_Open_While_Clicking_On_Deductions_Tab_Or_Not -->
                  <span class="method-name">verify_The_Page_Deduction_Is_Open_While_Clicking_On_Deductions_Tab_Or_Not</span>
                  <div class="stack-trace">java.io.FileNotFoundException: C:\Users\hp\git\SeleniumTestRepository\com.SuperStoreProjectsrc\test\resources\config.properties (The system cannot find the path specified)
	at java.base/java.io.FileInputStream.open0(Native Method)
	at java.base/java.io.FileInputStream.open(FileInputStream.java:216)
	at java.base/java.io.FileInputStream.&lt;init&gt;(FileInputStream.java:157)
	at java.base/java.io.FileInputStream.&lt;init&gt;(FileInputStream.java:111)
	at executePageClasses.BaseClass.readProperty(BaseClass.java:25)
	at executePageClasses.BaseClass.beforeMethod(BaseClass.java:35)
	at java.base/java.util.ArrayList.forEach(ArrayList.java:1511)
... Removed 31 stack frames
</div> <!-- stack-trace -->
                </div> <!-- method-content -->
              </div> <!-- method -->
              <div class="method">
                <div class="method-content">
                  <a name="verify_The_Page_Deduction_Is_Open_While_Clicking_On_Deductions_Tab_Or_Not">
                  </a> <!-- verify_The_Page_Deduction_Is_Open_While_Clicking_On_Deductions_Tab_Or_Not -->
                  <span class="method-name">verify_The_Page_Deduction_Is_Open_While_Clicking_On_Deductions_Tab_Or_Not</span>
                  <div class="stack-trace">java.io.FileNotFoundException: C:\Users\hp\git\SeleniumTestRepository\com.SuperStoreProjectsrc\test\resources\config.properties (The system cannot find the path specified)
	at java.base/java.io.FileInputStream.open0(Native Method)
	at java.base/java.io.FileInputStream.open(FileInputStream.java:216)
	at java.base/java.io.FileInputStream.&lt;init&gt;(FileInputStream.java:157)
	at java.base/java.io.FileInputStream.&lt;init&gt;(FileInputStream.java:111)
	at executePageClasses.BaseClass.readProperty(BaseClass.java:25)
	at executePageClasses.BaseClass.beforeMethod(BaseClass.java:35)
	at java.base/java.util.ArrayList.forEach(ArrayList.java:1511)
... Removed 31 stack frames
</div> <!-- stack-trace -->
                </div> <!-- method-content -->
              </div> <!-- method -->
              <div class="method">
                <div class="method-content">
                  <a name="verify_To_Add_A_New_Deduction">
                  </a> <!-- verify_To_Add_A_New_Deduction -->
                  <span class="method-name">verify_To_Add_A_New_Deduction</span>
                  <div class="stack-trace">java.io.FileNotFoundException: C:\Users\hp\git\SeleniumTestRepository\com.SuperStoreProjectsrc\test\resources\config.properties (The system cannot find the path specified)
	at java.base/java.io.FileInputStream.open0(Native Method)
	at java.base/java.io.FileInputStream.open(FileInputStream.java:216)
	at java.base/java.io.FileInputStream.&lt;init&gt;(FileInputStream.java:157)
	at java.base/java.io.FileInputStream.&lt;init&gt;(FileInputStream.java:111)
	at executePageClasses.BaseClass.readProperty(BaseClass.java:25)
	at executePageClasses.BaseClass.beforeMethod(BaseClass.java:35)
	at java.base/java.util.ArrayList.forEach(ArrayList.java:1511)
... Removed 31 stack frames
</div> <!-- stack-trace -->
                </div> <!-- method-content -->
              </div> <!-- method -->
              <div class="method">
                <div class="method-content">
                  <a name="verify_To_Add_A_New_Deduction">
                  </a> <!-- verify_To_Add_A_New_Deduction -->
                  <span class="method-name">verify_To_Add_A_New_Deduction</span>
                  <div class="stack-trace">java.io.FileNotFoundException: C:\Users\hp\git\SeleniumTestRepository\com.SuperStoreProjectsrc\test\resources\config.properties (The system cannot find the path specified)
	at java.base/java.io.FileInputStream.open0(Native Method)
	at java.base/java.io.FileInputStream.open(FileInputStream.java:216)
	at java.base/java.io.FileInputStream.&lt;init&gt;(FileInputStream.java:157)
	at java.base/java.io.FileInputStream.&lt;init&gt;(FileInputStream.java:111)
	at executePageClasses.BaseClass.readProperty(BaseClass.java:25)
	at executePageClasses.BaseClass.beforeMethod(BaseClass.java:35)
	at java.base/java.util.ArrayList.forEach(ArrayList.java:1511)
... Removed 31 stack frames
</div> <!-- stack-trace -->
                </div> <!-- method-content -->
              </div> <!-- method -->
            </div> <!-- main-panel-content rounded-window-bottom -->
          </div> <!-- suite-Suite-class-skipped -->
          <div class="suite-Suite-class-skipped">
            <div class="main-panel-header rounded-window-top">
              <img src="skipped.png"/>
              <span class="class-name">executePageClasses.ExecuteClientPageClass</span>
            </div> <!-- main-panel-header rounded-window-top -->
            <div class="main-panel-content rounded-window-bottom">
              <div class="method">
                <div class="method-content">
                  <a name="verify_Client_Search_Functionality">
                  </a> <!-- verify_Client_Search_Functionality -->
                  <span class="method-name">verify_Client_Search_Functionality</span>
                  <div class="stack-trace">java.io.FileNotFoundException: C:\Users\hp\git\SeleniumTestRepository\com.SuperStoreProjectsrc\test\resources\config.properties (The system cannot find the path specified)
	at java.base/java.io.FileInputStream.open0(Native Method)
	at java.base/java.io.FileInputStream.open(FileInputStream.java:216)
	at java.base/java.io.FileInputStream.&lt;init&gt;(FileInputStream.java:157)
	at java.base/java.io.FileInputStream.&lt;init&gt;(FileInputStream.java:111)
	at executePageClasses.BaseClass.readProperty(BaseClass.java:25)
	at executePageClasses.BaseClass.beforeMethod(BaseClass.java:35)
	at java.base/java.util.ArrayList.forEach(ArrayList.java:1511)
... Removed 31 stack frames
</div> <!-- stack-trace -->
                </div> <!-- method-content -->
              </div> <!-- method -->
              <div class="method">
                <div class="method-content">
                  <a name="verify_Client_Search_Functionality">
                  </a> <!-- verify_Client_Search_Functionality -->
                  <span class="method-name">verify_Client_Search_Functionality</span>
                  <div class="stack-trace">java.io.FileNotFoundException: C:\Users\hp\git\SeleniumTestRepository\com.SuperStoreProjectsrc\test\resources\config.properties (The system cannot find the path specified)
	at java.base/java.io.FileInputStream.open0(Native Method)
	at java.base/java.io.FileInputStream.open(FileInputStream.java:216)
	at java.base/java.io.FileInputStream.&lt;init&gt;(FileInputStream.java:157)
	at java.base/java.io.FileInputStream.&lt;init&gt;(FileInputStream.java:111)
	at executePageClasses.BaseClass.readProperty(BaseClass.java:25)
	at executePageClasses.BaseClass.beforeMethod(BaseClass.java:35)
	at java.base/java.util.ArrayList.forEach(ArrayList.java:1511)
... Removed 31 stack frames
</div> <!-- stack-trace -->
                </div> <!-- method-content -->
              </div> <!-- method -->
              <div class="method">
                <div class="method-content">
                  <a name="verify_To_Create_New_Client">
                  </a> <!-- verify_To_Create_New_Client -->
                  <span class="method-name">verify_To_Create_New_Client</span>
                  <div class="stack-trace">java.io.FileNotFoundException: C:\Users\hp\git\SeleniumTestRepository\com.SuperStoreProjectsrc\test\resources\config.properties (The system cannot find the path specified)
	at java.base/java.io.FileInputStream.open0(Native Method)
	at java.base/java.io.FileInputStream.open(FileInputStream.java:216)
	at java.base/java.io.FileInputStream.&lt;init&gt;(FileInputStream.java:157)
	at java.base/java.io.FileInputStream.&lt;init&gt;(FileInputStream.java:111)
	at executePageClasses.BaseClass.readProperty(BaseClass.java:25)
	at executePageClasses.BaseClass.beforeMethod(BaseClass.java:35)
	at java.base/java.util.ArrayList.forEach(ArrayList.java:1511)
... Removed 31 stack frames
</div> <!-- stack-trace -->
                </div> <!-- method-content -->
              </div> <!-- method -->
              <div class="method">
                <div class="method-content">
                  <a name="verify_To_Create_New_Client">
                  </a> <!-- verify_To_Create_New_Client -->
                  <span class="method-name">verify_To_Create_New_Client</span>
                  <div class="stack-trace">java.io.FileNotFoundException: C:\Users\hp\git\SeleniumTestRepository\com.SuperStoreProjectsrc\test\resources\config.properties (The system cannot find the path specified)
	at java.base/java.io.FileInputStream.open0(Native Method)
	at java.base/java.io.FileInputStream.open(FileInputStream.java:216)
	at java.base/java.io.FileInputStream.&lt;init&gt;(FileInputStream.java:157)
	at java.base/java.io.FileInputStream.&lt;init&gt;(FileInputStream.java:111)
	at executePageClasses.BaseClass.readProperty(BaseClass.java:25)
	at executePageClasses.BaseClass.beforeMethod(BaseClass.java:35)
	at java.base/java.util.ArrayList.forEach(ArrayList.java:1511)
... Removed 31 stack frames
</div> <!-- stack-trace -->
                </div> <!-- method-content -->
              </div> <!-- method -->
            </div> <!-- main-panel-content rounded-window-bottom -->
          </div> <!-- suite-Suite-class-skipped -->
        </div> <!-- panel Suite -->
        <div panel-name="test-xml-Suite" class="panel">
          <div class="main-panel-header rounded-window-top">
            <span class="header-content">C:\Users\hp\git\SeleniumTestRepository\com.SuperStoreProject\crossBrowserTest.xml</span>
          </div> <!-- main-panel-header rounded-window-top -->
          <div class="main-panel-content rounded-window-bottom">
            <pre>
&lt;?xml version=&quot;1.0&quot; encoding=&quot;UTF-8&quot;?&gt;
&lt;!DOCTYPE suite SYSTEM &quot;https://testng.org/testng-1.0.dtd&quot;&gt;
&lt;suite name=&quot;Suite&quot; guice-stage=&quot;DEVELOPMENT&quot;&gt;
  &lt;test thread-count=&quot;5&quot; name=&quot;chromeTest&quot;&gt;
    &lt;parameter name=&quot;browser&quot; value=&quot;chrome&quot;/&gt;
    &lt;classes&gt;
      &lt;class name=&quot;executePageClasses.ExecuteClientPageClass&quot;/&gt;
      &lt;class name=&quot;executePageClasses.ExecuteDeductionPageClass&quot;/&gt;
      &lt;class name=&quot;executePageClasses.ExecuteWorkersPageClass&quot;/&gt;
      &lt;class name=&quot;executePageClasses.ExecuteDashBoardPageClass&quot;/&gt;
      &lt;class name=&quot;executePageClasses.ExecuteLoginPageClass&quot;/&gt;
    &lt;/classes&gt;
  &lt;/test&gt; &lt;!-- chromeTest --&gt;
  &lt;test thread-count=&quot;5&quot; name=&quot;edgeTest&quot;&gt;
    &lt;parameter name=&quot;browser&quot; value=&quot;edge&quot;/&gt;
    &lt;classes&gt;
      &lt;class name=&quot;executePageClasses.ExecuteClientPageClass&quot;/&gt;
      &lt;class name=&quot;executePageClasses.ExecuteDeductionPageClass&quot;/&gt;
      &lt;class name=&quot;executePageClasses.ExecuteWorkersPageClass&quot;/&gt;
      &lt;class name=&quot;executePageClasses.ExecuteDashBoardPageClass&quot;/&gt;
      &lt;class name=&quot;executePageClasses.ExecuteLoginPageClass&quot;/&gt;
    &lt;/classes&gt;
  &lt;/test&gt; &lt;!-- edgeTest --&gt;
&lt;/suite&gt; &lt;!-- Suite --&gt;
            </pre>
          </div> <!-- main-panel-content rounded-window-bottom -->
        </div> <!-- panel -->
        <div panel-name="testlist-Suite" class="panel">
          <div class="main-panel-header rounded-window-top">
            <span class="header-content">Tests for Suite</span>
          </div> <!-- main-panel-header rounded-window-top -->
          <div class="main-panel-content rounded-window-bottom">
            <ul>
              <li>
                <span class="test-name">chromeTest (5 classes)</span>
              </li>
              <li>
                <span class="test-name">edgeTest (5 classes)</span>
              </li>
            </ul>
          </div> <!-- main-panel-content rounded-window-bottom -->
        </div> <!-- panel -->
        <div panel-name="group-Suite" class="panel">
          <div class="main-panel-header rounded-window-top">
            <span class="header-content">Groups for Suite</span>
          </div> <!-- main-panel-header rounded-window-top -->
          <div class="main-panel-content rounded-window-bottom">
          </div> <!-- main-panel-content rounded-window-bottom -->
        </div> <!-- panel -->
        <div panel-name="times-Suite" class="panel">
          <div class="main-panel-header rounded-window-top">
            <span class="header-content">Times for Suite</span>
          </div> <!-- main-panel-header rounded-window-top -->
          <div class="main-panel-content rounded-window-bottom">
            <div class="times-div">
              <script type="text/javascript">
suiteTableInitFunctions.push('tableData_Suite');
function tableData_Suite() {
var data = new google.visualization.DataTable();
data.addColumn('number', 'Number');
data.addColumn('string', 'Method');
data.addColumn('string', 'Class');
data.addColumn('number', 'Time (ms)');
data.addRows(36);
data.setCell(0, 0, 0)
data.setCell(0, 1, 'verify_To_Delete_A_Worker')
data.setCell(0, 2, 'executePageClasses.ExecuteWorkersPageClass')
data.setCell(0, 3, 3);
data.setCell(1, 0, 1)
data.setCell(1, 1, 'verify_Client_Search_Functionality')
data.setCell(1, 2, 'executePageClasses.ExecuteClientPageClass')
data.setCell(1, 3, 2);
data.setCell(2, 0, 2)
data.setCell(2, 1, 'verify_To_Create_New_Client')
data.setCell(2, 2, 'executePageClasses.ExecuteClientPageClass')
data.setCell(2, 3, 1);
data.setCell(3, 0, 3)
data.setCell(3, 1, 'verify_To_Add_A_New_Deduction')
data.setCell(3, 2, 'executePageClasses.ExecuteDeductionPageClass')
data.setCell(3, 3, 1);
data.setCell(4, 0, 4)
data.setCell(4, 1, 'verify_The_Page_Deduction_Is_Open_While_Clicking_On_Deductions_Tab_Or_Not')
data.setCell(4, 2, 'executePageClasses.ExecuteDeductionPageClass')
data.setCell(4, 3, 1);
data.setCell(5, 0, 5)
data.setCell(5, 1, 'verify_The_Logo_Is_Displayed_Or_Not')
data.setCell(5, 2, 'executePageClasses.ExecuteDashBoardPageClass')
data.setCell(5, 3, 1);
data.setCell(6, 0, 6)
data.setCell(6, 1, 'verify_To_Create_New_Client')
data.setCell(6, 2, 'executePageClasses.ExecuteClientPageClass')
data.setCell(6, 3, 1);
data.setCell(7, 0, 7)
data.setCell(7, 1, 'verify_UnSuccessful_Login')
data.setCell(7, 2, 'executePageClasses.ExecuteLoginPageClass')
data.setCell(7, 3, 1);
data.setCell(8, 0, 8)
data.setCell(8, 1, 'verify_To_Search_A_Worker')
data.setCell(8, 2, 'executePageClasses.ExecuteWorkersPageClass')
data.setCell(8, 3, 1);
data.setCell(9, 0, 9)
data.setCell(9, 1, 'verify_Successfull_Login')
data.setCell(9, 2, 'executePageClasses.ExecuteLoginPageClass')
data.setCell(9, 3, 0);
data.setCell(10, 0, 10)
data.setCell(10, 1, 'verify_UnSuccessful_Login')
data.setCell(10, 2, 'executePageClasses.ExecuteLoginPageClass')
data.setCell(10, 3, 0);
data.setCell(11, 0, 11)
data.setCell(11, 1, 'verify_To_Search_A_Worker')
data.setCell(11, 2, 'executePageClasses.ExecuteWorkersPageClass')
data.setCell(11, 3, 0);
data.setCell(12, 0, 12)
data.setCell(12, 1, 'verify_Client_Tab_Is_Displayed_Or_Not')
data.setCell(12, 2, 'executePageClasses.ExecuteDashBoardPageClass')
data.setCell(12, 3, 0);
data.setCell(13, 0, 13)
data.setCell(13, 1, 'f')
data.setCell(13, 2, 'executePageClasses.ExecuteDashBoardPageClass')
data.setCell(13, 3, 0);
data.setCell(14, 0, 14)
data.setCell(14, 1, 'verify_To_Create_New_Worker')
data.setCell(14, 2, 'executePageClasses.ExecuteWorkersPageClass')
data.setCell(14, 3, 0);
data.setCell(15, 0, 15)
data.setCell(15, 1, 'verify_To_Delete_A_Worker')
data.setCell(15, 2, 'executePageClasses.ExecuteWorkersPageClass')
data.setCell(15, 3, 0);
data.setCell(16, 0, 16)
data.setCell(16, 1, 'verify_Workers_Tab_Is_Displayed_Or_Not')
data.setCell(16, 2, 'executePageClasses.ExecuteDashBoardPageClass')
data.setCell(16, 3, 0);
data.setCell(17, 0, 17)
data.setCell(17, 1, 'verify_The_Logo_Is_Displayed_Or_Not')
data.setCell(17, 2, 'executePageClasses.ExecuteDashBoardPageClass')
data.setCell(17, 3, 0);
data.setCell(18, 0, 18)
data.setCell(18, 1, 'verify_The_Correct_Page_Is_Open_While_Hitting_The_Url')
data.setCell(18, 2, 'executePageClasses.ExecuteLoginPageClass')
data.setCell(18, 3, 0);
data.setCell(19, 0, 19)
data.setCell(19, 1, 'verify_Deduction_Tab_Is_Displayed_Or_Not')
data.setCell(19, 2, 'executePageClasses.ExecuteDashBoardPageClass')
data.setCell(19, 3, 0);
data.setCell(20, 0, 20)
data.setCell(20, 1, 'verify_Welcome_Msg_Is_Displayed_Or_Not')
data.setCell(20, 2, 'executePageClasses.ExecuteDashBoardPageClass')
data.setCell(20, 3, 0);
data.setCell(21, 0, 21)
data.setCell(21, 1, 'verify_UnSuccessful_Login')
data.setCell(21, 2, 'executePageClasses.ExecuteLoginPageClass')
data.setCell(21, 3, 0);
data.setCell(22, 0, 22)
data.setCell(22, 1, 'verify_UnSuccessful_Login')
data.setCell(22, 2, 'executePageClasses.ExecuteLoginPageClass')
data.setCell(22, 3, 0);
data.setCell(23, 0, 23)
data.setCell(23, 1, 'verify_Welcome_Msg_Is_Displayed_Or_Not')
data.setCell(23, 2, 'executePageClasses.ExecuteDashBoardPageClass')
data.setCell(23, 3, 0);
data.setCell(24, 0, 24)
data.setCell(24, 1, 'verify_To_Add_A_New_Deduction')
data.setCell(24, 2, 'executePageClasses.ExecuteDeductionPageClass')
data.setCell(24, 3, 0);
data.setCell(25, 0, 25)
data.setCell(25, 1, 'verify_To_Create_New_Worker')
data.setCell(25, 2, 'executePageClasses.ExecuteWorkersPageClass')
data.setCell(25, 3, 0);
data.setCell(26, 0, 26)
data.setCell(26, 1, 'verify_Client_Tab_Is_Displayed_Or_Not')
data.setCell(26, 2, 'executePageClasses.ExecuteDashBoardPageClass')
data.setCell(26, 3, 0);
data.setCell(27, 0, 27)
data.setCell(27, 1, 'verify_Successfull_Login')
data.setCell(27, 2, 'executePageClasses.ExecuteLoginPageClass')
data.setCell(27, 3, 0);
data.setCell(28, 0, 28)
data.setCell(28, 1, 'verify_The_Page_Deduction_Is_Open_While_Clicking_On_Deductions_Tab_Or_Not')
data.setCell(28, 2, 'executePageClasses.ExecuteDeductionPageClass')
data.setCell(28, 3, 0);
data.setCell(29, 0, 29)
data.setCell(29, 1, 'verify_UnSuccessful_Login')
data.setCell(29, 2, 'executePageClasses.ExecuteLoginPageClass')
data.setCell(29, 3, 0);
data.setCell(30, 0, 30)
data.setCell(30, 1, 'verify_UnSuccessful_Login')
data.setCell(30, 2, 'executePageClasses.ExecuteLoginPageClass')
data.setCell(30, 3, 0);
data.setCell(31, 0, 31)
data.setCell(31, 1, 'f')
data.setCell(31, 2, 'executePageClasses.ExecuteDashBoardPageClass')
data.setCell(31, 3, 0);
data.setCell(32, 0, 32)
data.setCell(32, 1, 'verify_Workers_Tab_Is_Displayed_Or_Not')
data.setCell(32, 2, 'executePageClasses.ExecuteDashBoardPageClass')
data.setCell(32, 3, 0);
data.setCell(33, 0, 33)
data.setCell(33, 1, 'verify_The_Correct_Page_Is_Open_While_Hitting_The_Url')
data.setCell(33, 2, 'executePageClasses.ExecuteLoginPageClass')
data.setCell(33, 3, 0);
data.setCell(34, 0, 34)
data.setCell(34, 1, 'verify_Client_Search_Functionality')
data.setCell(34, 2, 'executePageClasses.ExecuteClientPageClass')
data.setCell(34, 3, 0);
data.setCell(35, 0, 35)
data.setCell(35, 1, 'verify_Deduction_Tab_Is_Displayed_Or_Not')
data.setCell(35, 2, 'executePageClasses.ExecuteDashBoardPageClass')
data.setCell(35, 3, 0);
window.suiteTableData['Suite']= { tableData: data, tableDiv: 'times-div-Suite'}
return data;
}
              </script>
              <span class="suite-total-time">Total running time: 12 ms</span>
              <div id="times-div-Suite">
              </div> <!-- times-div-Suite -->
            </div> <!-- times-div -->
          </div> <!-- main-panel-content rounded-window-bottom -->
        </div> <!-- panel -->
        <div panel-name="reporter-Suite" class="panel">
          <div class="main-panel-header rounded-window-top">
            <span class="header-content">Reporter output for Suite</span>
          </div> <!-- main-panel-header rounded-window-top -->
          <div class="main-panel-content rounded-window-bottom">
          </div> <!-- main-panel-content rounded-window-bottom -->
        </div> <!-- panel -->
        <div panel-name="ignored-methods-Suite" class="panel">
          <div class="main-panel-header rounded-window-top">
            <span class="header-content">0 ignored methods</span>
          </div> <!-- main-panel-header rounded-window-top -->
          <div class="main-panel-content rounded-window-bottom">
          </div> <!-- main-panel-content rounded-window-bottom -->
        </div> <!-- panel -->
        <div panel-name="chronological-Suite" class="panel">
          <div class="main-panel-header rounded-window-top">
            <span class="header-content">Methods in chronological order</span>
          </div> <!-- main-panel-header rounded-window-top -->
          <div class="main-panel-content rounded-window-bottom">
            <div class="chronological-class">
              <div class="chronological-class-name">executePageClasses.ExecuteClientPageClass</div> <!-- chronological-class-name -->
              <div class="configuration-method before">
                <img src="failed.png">
                </img>
                <span class="method-name">beforeMethod(chrome)</span>
                <span class="method-start">0 ms</span>
              </div> <!-- configuration-method before -->
              <div class="test-method">
                <span class="method-name">verify_Client_Search_Functionality</span>
                <span class="method-start">88 ms</span>
              </div> <!-- test-method -->
              <div class="configuration-method after">
                <span class="method-name">afterMethod</span>
                <span class="method-start">125 ms</span>
              </div> <!-- configuration-method after -->
              <div class="configuration-method before">
                <span class="method-name">beforeMethod</span>
                <span class="method-start">227 ms</span>
              </div> <!-- configuration-method before -->
              <div class="test-method">
                <span class="method-name">verify_To_Create_New_Client</span>
                <span class="method-start">238 ms</span>
              </div> <!-- test-method -->
              <div class="configuration-method after">
                <span class="method-name">afterMethod</span>
                <span class="method-start">247 ms</span>
              </div> <!-- configuration-method after -->
            </div> <!-- chronological-class -->
            <div class="chronological-class">
              <div class="chronological-class-name">executePageClasses.ExecuteDeductionPageClass</div> <!-- chronological-class-name -->
              <div class="configuration-method before">
                <img src="failed.png">
                </img>
                <span class="method-name">beforeMethod(chrome)</span>
                <span class="method-start">276 ms</span>
              </div> <!-- configuration-method before -->
              <div class="test-method">
                <span class="method-name">verify_The_Page_Deduction_Is_Open_While_Clicking_On_Deductions_Tab_Or_Not</span>
                <span class="method-start">291 ms</span>
              </div> <!-- test-method -->
              <div class="configuration-method after">
                <span class="method-name">afterMethod</span>
                <span class="method-start">346 ms</span>
              </div> <!-- configuration-method after -->
              <div class="configuration-method before">
                <span class="method-name">beforeMethod</span>
                <span class="method-start">361 ms</span>
              </div> <!-- configuration-method before -->
              <div class="test-method">
                <span class="method-name">verify_To_Add_A_New_Deduction</span>
                <span class="method-start">363 ms</span>
              </div> <!-- test-method -->
              <div class="configuration-method after">
                <span class="method-name">afterMethod</span>
                <span class="method-start">377 ms</span>
              </div> <!-- configuration-method after -->
            </div> <!-- chronological-class -->
            <div class="chronological-class">
              <div class="chronological-class-name">executePageClasses.ExecuteWorkersPageClass</div> <!-- chronological-class-name -->
              <div class="configuration-method before">
                <img src="failed.png">
                </img>
                <span class="method-name">beforeMethod(chrome)</span>
                <span class="method-start">381 ms</span>
              </div> <!-- configuration-method before -->
              <div class="test-method">
                <span class="method-name">verify_To_Create_New_Worker</span>
                <span class="method-start">390 ms</span>
              </div> <!-- test-method -->
              <div class="configuration-method after">
                <span class="method-name">afterMethod</span>
                <span class="method-start">404 ms</span>
              </div> <!-- configuration-method after -->
              <div class="configuration-method before">
                <span class="method-name">beforeMethod</span>
                <span class="method-start">416 ms</span>
              </div> <!-- configuration-method before -->
              <div class="test-method">
                <span class="method-name">verify_To_Search_A_Worker</span>
                <span class="method-start">510 ms</span>
              </div> <!-- test-method -->
              <div class="configuration-method after">
                <span class="method-name">afterMethod</span>
                <span class="method-start">521 ms</span>
              </div> <!-- configuration-method after -->
              <div class="configuration-method before">
                <span class="method-name">beforeMethod</span>
                <span class="method-start">523 ms</span>
              </div> <!-- configuration-method before -->
              <div class="test-method">
                <span class="method-name">verify_To_Delete_A_Worker</span>
                <span class="method-start">526 ms</span>
              </div> <!-- test-method -->
              <div class="configuration-method after">
                <span class="method-name">afterMethod</span>
                <span class="method-start">530 ms</span>
              </div> <!-- configuration-method after -->
            </div> <!-- chronological-class -->
            <div class="chronological-class">
              <div class="chronological-class-name">executePageClasses.ExecuteDashBoardPageClass</div> <!-- chronological-class-name -->
              <div class="configuration-method before">
                <img src="failed.png">
                </img>
                <span class="method-name">beforeMethod(chrome)</span>
                <span class="method-start">536 ms</span>
              </div> <!-- configuration-method before -->
              <div class="test-method">
                <span class="method-name">f</span>
                <span class="method-start">540 ms</span>
              </div> <!-- test-method -->
              <div class="configuration-method after">
                <span class="method-name">afterMethod</span>
                <span class="method-start">543 ms</span>
              </div> <!-- configuration-method after -->
              <div class="configuration-method before">
                <span class="method-name">beforeMethod</span>
                <span class="method-start">570 ms</span>
              </div> <!-- configuration-method before -->
              <div class="test-method">
                <span class="method-name">verify_Client_Tab_Is_Displayed_Or_Not</span>
                <span class="method-start">580 ms</span>
              </div> <!-- test-method -->
              <div class="configuration-method after">
                <span class="method-name">afterMethod</span>
                <span class="method-start">671 ms</span>
              </div> <!-- configuration-method after -->
              <div class="configuration-method before">
                <span class="method-name">beforeMethod</span>
                <span class="method-start">679 ms</span>
              </div> <!-- configuration-method before -->
              <div class="test-method">
                <span class="method-name">verify_Deduction_Tab_Is_Displayed_Or_Not</span>
                <span class="method-start">688 ms</span>
              </div> <!-- test-method -->
              <div class="configuration-method after">
                <span class="method-name">afterMethod</span>
                <span class="method-start">736 ms</span>
              </div> <!-- configuration-method after -->
              <div class="configuration-method before">
                <span class="method-name">beforeMethod</span>
                <span class="method-start">756 ms</span>
              </div> <!-- configuration-method before -->
              <div class="test-method">
                <span class="method-name">verify_The_Logo_Is_Displayed_Or_Not</span>
                <span class="method-start">758 ms</span>
              </div> <!-- test-method -->
              <div class="configuration-method after">
                <span class="method-name">afterMethod</span>
                <span class="method-start">762 ms</span>
              </div> <!-- configuration-method after -->
              <div class="configuration-method before">
                <span class="method-name">beforeMethod</span>
                <span class="method-start">767 ms</span>
              </div> <!-- configuration-method before -->
              <div class="test-method">
                <span class="method-name">verify_Welcome_Msg_Is_Displayed_Or_Not</span>
                <span class="method-start">769 ms</span>
              </div> <!-- test-method -->
              <div class="configuration-method after">
                <span class="method-name">afterMethod</span>
                <span class="method-start">776 ms</span>
              </div> <!-- configuration-method after -->
              <div class="configuration-method before">
                <span class="method-name">beforeMethod</span>
                <span class="method-start">780 ms</span>
              </div> <!-- configuration-method before -->
              <div class="test-method">
                <span class="method-name">verify_Workers_Tab_Is_Displayed_Or_Not</span>
                <span class="method-start">847 ms</span>
              </div> <!-- test-method -->
              <div class="configuration-method after">
                <span class="method-name">afterMethod</span>
                <span class="method-start">856 ms</span>
              </div> <!-- configuration-method after -->
            </div> <!-- chronological-class -->
            <div class="chronological-class">
              <div class="chronological-class-name">executePageClasses.ExecuteLoginPageClass</div> <!-- chronological-class-name -->
              <div class="configuration-method before">
                <img src="failed.png">
                </img>
                <span class="method-name">beforeMethod(chrome)</span>
                <span class="method-start">951 ms</span>
              </div> <!-- configuration-method before -->
              <div class="test-method">
                <span class="method-name">verify_Successfull_Login(carol, 1q2w3e4r)</span>
                <span class="method-start">967 ms</span>
              </div> <!-- test-method -->
              <div class="configuration-method after">
                <span class="method-name">afterMethod</span>
                <span class="method-start">975 ms</span>
              </div> <!-- configuration-method after -->
              <div class="configuration-method before">
                <span class="method-name">beforeMethod</span>
                <span class="method-start">987 ms</span>
              </div> <!-- configuration-method before -->
              <div class="test-method">
                <span class="method-name">verify_The_Correct_Page_Is_Open_While_Hitting_The_Url</span>
                <span class="method-start">990 ms</span>
              </div> <!-- test-method -->
              <div class="configuration-method after">
                <span class="method-name">afterMethod</span>
                <span class="method-start">996 ms</span>
              </div> <!-- configuration-method after -->
              <div class="configuration-method before">
                <span class="method-name">beforeMethod</span>
                <span class="method-start">1006 ms</span>
              </div> <!-- configuration-method before -->
              <div class="test-method">
                <span class="method-name">verify_UnSuccessful_Login(carol, 1q2w3ep45)</span>
                <span class="method-start">1009 ms</span>
              </div> <!-- test-method -->
              <div class="configuration-method after">
                <span class="method-name">afterMethod</span>
                <span class="method-start">1017 ms</span>
              </div> <!-- configuration-method after -->
              <div class="configuration-method before">
                <span class="method-name">beforeMethod</span>
                <span class="method-start">1022 ms</span>
              </div> <!-- configuration-method before -->
              <div class="test-method">
                <span class="method-name">verify_UnSuccessful_Login(carola, 1q2w3e4r)</span>
                <span class="method-start">1024 ms</span>
              </div> <!-- test-method -->
              <div class="configuration-method after">
                <span class="method-name">afterMethod</span>
                <span class="method-start">1031 ms</span>
              </div> <!-- configuration-method after -->
              <div class="configuration-method before">
                <span class="method-name">beforeMethod</span>
                <span class="method-start">1041 ms</span>
              </div> <!-- configuration-method before -->
              <div class="test-method">
                <span class="method-name">verify_UnSuccessful_Login(carolsdf, 1qr568)</span>
                <span class="method-start">1043 ms</span>
              </div> <!-- test-method -->
              <div class="configuration-method after">
                <span class="method-name">afterMethod</span>
                <span class="method-start">1048 ms</span>
              </div> <!-- configuration-method after -->
            </div> <!-- chronological-class -->
            <div class="chronological-class">
              <div class="chronological-class-name">executePageClasses.ExecuteClientPageClass</div> <!-- chronological-class-name -->
              <div class="configuration-method before">
                <img src="failed.png">
                </img>
                <span class="method-name">beforeMethod(edge)</span>
                <span class="method-start">1456 ms</span>
              </div> <!-- configuration-method before -->
              <div class="test-method">
                <span class="method-name">verify_Client_Search_Functionality</span>
                <span class="method-start">1460 ms</span>
              </div> <!-- test-method -->
              <div class="configuration-method after">
                <span class="method-name">afterMethod</span>
                <span class="method-start">1463 ms</span>
              </div> <!-- configuration-method after -->
              <div class="configuration-method before">
                <span class="method-name">beforeMethod</span>
                <span class="method-start">1476 ms</span>
              </div> <!-- configuration-method before -->
              <div class="test-method">
                <span class="method-name">verify_To_Create_New_Client</span>
                <span class="method-start">1478 ms</span>
              </div> <!-- test-method -->
              <div class="configuration-method after">
                <span class="method-name">afterMethod</span>
                <span class="method-start">1499 ms</span>
              </div> <!-- configuration-method after -->
            </div> <!-- chronological-class -->
            <div class="chronological-class">
              <div class="chronological-class-name">executePageClasses.ExecuteDeductionPageClass</div> <!-- chronological-class-name -->
              <div class="configuration-method before">
                <img src="failed.png">
                </img>
                <span class="method-name">beforeMethod(edge)</span>
                <span class="method-start">1511 ms</span>
              </div> <!-- configuration-method before -->
              <div class="test-method">
                <span class="method-name">verify_The_Page_Deduction_Is_Open_While_Clicking_On_Deductions_Tab_Or_Not</span>
                <span class="method-start">1536 ms</span>
              </div> <!-- test-method -->
              <div class="configuration-method after">
                <span class="method-name">afterMethod</span>
                <span class="method-start">1564 ms</span>
              </div> <!-- configuration-method after -->
              <div class="configuration-method before">
                <span class="method-name">beforeMethod</span>
                <span class="method-start">1577 ms</span>
              </div> <!-- configuration-method before -->
              <div class="test-method">
                <span class="method-name">verify_To_Add_A_New_Deduction</span>
                <span class="method-start">1580 ms</span>
              </div> <!-- test-method -->
              <div class="configuration-method after">
                <span class="method-name">afterMethod</span>
                <span class="method-start">1591 ms</span>
              </div> <!-- configuration-method after -->
            </div> <!-- chronological-class -->
            <div class="chronological-class">
              <div class="chronological-class-name">executePageClasses.ExecuteWorkersPageClass</div> <!-- chronological-class-name -->
              <div class="configuration-method before">
                <img src="failed.png">
                </img>
                <span class="method-name">beforeMethod(edge)</span>
                <span class="method-start">1593 ms</span>
              </div> <!-- configuration-method before -->
              <div class="test-method">
                <span class="method-name">verify_To_Create_New_Worker</span>
                <span class="method-start">1596 ms</span>
              </div> <!-- test-method -->
              <div class="configuration-method after">
                <span class="method-name">afterMethod</span>
                <span class="method-start">1604 ms</span>
              </div> <!-- configuration-method after -->
              <div class="configuration-method before">
                <span class="method-name">beforeMethod</span>
                <span class="method-start">1612 ms</span>
              </div> <!-- configuration-method before -->
              <div class="test-method">
                <span class="method-name">verify_To_Search_A_Worker</span>
                <span class="method-start">1614 ms</span>
              </div> <!-- test-method -->
              <div class="configuration-method after">
                <span class="method-name">afterMethod</span>
                <span class="method-start">1623 ms</span>
              </div> <!-- configuration-method after -->
              <div class="configuration-method before">
                <span class="method-name">beforeMethod</span>
                <span class="method-start">1631 ms</span>
              </div> <!-- configuration-method before -->
              <div class="test-method">
                <span class="method-name">verify_To_Delete_A_Worker</span>
                <span class="method-start">1640 ms</span>
              </div> <!-- test-method -->
              <div class="configuration-method after">
                <span class="method-name">afterMethod</span>
                <span class="method-start">1651 ms</span>
              </div> <!-- configuration-method after -->
            </div> <!-- chronological-class -->
            <div class="chronological-class">
              <div class="chronological-class-name">executePageClasses.ExecuteDashBoardPageClass</div> <!-- chronological-class-name -->
              <div class="configuration-method before">
                <img src="failed.png">
                </img>
                <span class="method-name">beforeMethod(edge)</span>
                <span class="method-start">1657 ms</span>
              </div> <!-- configuration-method before -->
              <div class="test-method">
                <span class="method-name">f</span>
                <span class="method-start">1664 ms</span>
              </div> <!-- test-method -->
              <div class="configuration-method after">
                <span class="method-name">afterMethod</span>
                <span class="method-start">1671 ms</span>
              </div> <!-- configuration-method after -->
              <div class="configuration-method before">
                <span class="method-name">beforeMethod</span>
                <span class="method-start">1673 ms</span>
              </div> <!-- configuration-method before -->
              <div class="test-method">
                <span class="method-name">verify_Client_Tab_Is_Displayed_Or_Not</span>
                <span class="method-start">1674 ms</span>
              </div> <!-- test-method -->
              <div class="configuration-method after">
                <span class="method-name">afterMethod</span>
                <span class="method-start">1680 ms</span>
              </div> <!-- configuration-method after -->
              <div class="configuration-method before">
                <span class="method-name">beforeMethod</span>
                <span class="method-start">1711 ms</span>
              </div> <!-- configuration-method before -->
              <div class="test-method">
                <span class="method-name">verify_Deduction_Tab_Is_Displayed_Or_Not</span>
                <span class="method-start">1713 ms</span>
              </div> <!-- test-method -->
              <div class="configuration-method after">
                <span class="method-name">afterMethod</span>
                <span class="method-start">1757 ms</span>
              </div> <!-- configuration-method after -->
              <div class="configuration-method before">
                <span class="method-name">beforeMethod</span>
                <span class="method-start">1772 ms</span>
              </div> <!-- configuration-method before -->
              <div class="test-method">
                <span class="method-name">verify_The_Logo_Is_Displayed_Or_Not</span>
                <span class="method-start">1775 ms</span>
              </div> <!-- test-method -->
              <div class="configuration-method after">
                <span class="method-name">afterMethod</span>
                <span class="method-start">1790 ms</span>
              </div> <!-- configuration-method after -->
              <div class="configuration-method before">
                <span class="method-name">beforeMethod</span>
                <span class="method-start">1811 ms</span>
              </div> <!-- configuration-method before -->
              <div class="test-method">
                <span class="method-name">verify_Welcome_Msg_Is_Displayed_Or_Not</span>
                <span class="method-start">1813 ms</span>
              </div> <!-- test-method -->
              <div class="configuration-method after">
                <span class="method-name">afterMethod</span>
                <span class="method-start">1827 ms</span>
              </div> <!-- configuration-method after -->
              <div class="configuration-method before">
                <span class="method-name">beforeMethod</span>
                <span class="method-start">1844 ms</span>
              </div> <!-- configuration-method before -->
              <div class="test-method">
                <span class="method-name">verify_Workers_Tab_Is_Displayed_Or_Not</span>
                <span class="method-start">1848 ms</span>
              </div> <!-- test-method -->
              <div class="configuration-method after">
                <span class="method-name">afterMethod</span>
                <span class="method-start">1861 ms</span>
              </div> <!-- configuration-method after -->
            </div> <!-- chronological-class -->
            <div class="chronological-class">
              <div class="chronological-class-name">executePageClasses.ExecuteLoginPageClass</div> <!-- chronological-class-name -->
              <div class="configuration-method before">
                <img src="failed.png">
                </img>
                <span class="method-name">beforeMethod(edge)</span>
                <span class="method-start">1876 ms</span>
              </div> <!-- configuration-method before -->
              <div class="test-method">
                <span class="method-name">verify_Successfull_Login(carol, 1q2w3e4r)</span>
                <span class="method-start">1878 ms</span>
              </div> <!-- test-method -->
              <div class="configuration-method after">
                <span class="method-name">afterMethod</span>
                <span class="method-start">1890 ms</span>
              </div> <!-- configuration-method after -->
              <div class="configuration-method before">
                <span class="method-name">beforeMethod</span>
                <span class="method-start">1893 ms</span>
              </div> <!-- configuration-method before -->
              <div class="test-method">
                <span class="method-name">verify_The_Correct_Page_Is_Open_While_Hitting_The_Url</span>
                <span class="method-start">1895 ms</span>
              </div> <!-- test-method -->
              <div class="configuration-method after">
                <span class="method-name">afterMethod</span>
                <span class="method-start">1900 ms</span>
              </div> <!-- configuration-method after -->
              <div class="configuration-method before">
                <span class="method-name">beforeMethod</span>
                <span class="method-start">1907 ms</span>
              </div> <!-- configuration-method before -->
              <div class="test-method">
                <span class="method-name">verify_UnSuccessful_Login(carol, 1q2w3ep45)</span>
                <span class="method-start">1909 ms</span>
              </div> <!-- test-method -->
              <div class="configuration-method after">
                <span class="method-name">afterMethod</span>
                <span class="method-start">1913 ms</span>
              </div> <!-- configuration-method after -->
              <div class="configuration-method before">
                <span class="method-name">beforeMethod</span>
                <span class="method-start">1920 ms</span>
              </div> <!-- configuration-method before -->
              <div class="test-method">
                <span class="method-name">verify_UnSuccessful_Login(carola, 1q2w3e4r)</span>
                <span class="method-start">1922 ms</span>
              </div> <!-- test-method -->
              <div class="configuration-method after">
                <span class="method-name">afterMethod</span>
                <span class="method-start">1926 ms</span>
              </div> <!-- configuration-method after -->
              <div class="configuration-method before">
                <span class="method-name">beforeMethod</span>
                <span class="method-start">1927 ms</span>
              </div> <!-- configuration-method before -->
              <div class="test-method">
                <span class="method-name">verify_UnSuccessful_Login(carolsdf, 1qr568)</span>
                <span class="method-start">1929 ms</span>
              </div> <!-- test-method -->
              <div class="configuration-method after">
                <span class="method-name">afterMethod</span>
                <span class="method-start">1931 ms</span>
              </div> <!-- configuration-method after -->
          </div> <!-- main-panel-content rounded-window-bottom -->
        </div> <!-- panel -->
      </div> <!-- main-panel-root -->
    </div> <!-- wrapper -->
  </body>
<script type="text/javascript" src="testng-reports2.js"></script>
</html>
